-- Catapult System Level Synthesis: Report                                              
-- -------------------------------- ---------------------------------------------------
-- Version:                         2011a.41 Production Release                         
-- Build Date:                      Thu Apr  7 20:28:55 PDT 2011                        
                                                                                        
-- Generated by:                    TA@TA-PC                                            
-- Generated date:                  Fri Mar 29 21:12:26 +0330 2024                      

Solution Settings: matrix_mult.v5
  Current state: extract
  Project: Catapult
  
  Design Input Files Specified
    $PROJECT_HOME/MATRIX_MULT.cpp
      $PROJECT_HOME/matrix_mult.h
        $MGC_HOME/shared/include/ac_int.h
    $PROJECT_HOME/MATRIX_MULT.h
      $MGC_HOME/shared/include/ac_int.h
  
  Processes/Blocks in Design
    Process           Real Operation(s) count Latency Throughput Reset Length II Comments 
    ----------------- ----------------------- ------- ---------- ------------ -- --------
    /matrix_mult/core                      27    1948       1961            0  0          
    Design Total:                          27    1948       1961            0  0          
    
  Bill Of Materials (Datapath)
    Component Name                               Area Score Delay Post Alloc Post Assign 
    -------------------------------------------- ---------- ----- ---------- -----------
    [Lib: mgc_ioport]                                                                    
    mgc_out_stdreg(3,36)                              0.000 0.000          1           1 
    mgc_out_stdreg(4,1)                               0.000 0.000          1           1 
    mgc_out_stdreg(5,8)                               0.000 0.000          1           1 
    [Lib: mgc_sample-065nm-dw_beh_dc]                                                    
    mgc_add(3,0,3,0,3,4)                             24.140 0.029          1           0 
    mgc_add(32,0,32,0,32,4)                         266.788 1.792          1           1 
    mgc_add(4,0,1,0,4,4)                             26.560 0.098          0           1 
    mgc_add(4,0,2,1,4,4)                             35.791 0.092          1           0 
    mgc_add(4,0,3,0,4,4)                             30.525 0.093          1           1 
    mgc_add(4,0,4,0,5,4)                             32.507 0.096          1           1 
    mgc_add(5,0,2,0,5,4)                             34.927 0.152          1           1 
    mgc_add(5,0,4,0,5,4)                             38.892 0.156          1           3 
    mgc_add(5,0,5,0,5,4)                             40.874 0.161          1           1 
    mgc_add(6,0,5,1,6,4)                             52.432 0.219          0           1 
    mgc_add(8,0,5,0,8,4)                             60.028 0.331          1           0 
    mgc_add(8,0,8,0,8,4)                             65.976 0.350          1           0 
    mgc_and(1,2,4)                                    2.400 0.030          0           3 
    mgc_and(3,2,4)                                    7.200 0.030          0           1 
    mgc_and(32,2,4)                                  76.800 0.030          0           1 
    mgc_and(4,2,4)                                    9.600 0.030          0           4 
    mgc_and(7,2,4)                                   16.800 0.030          0           1 
    mgc_and(8,2,4)                                   19.200 0.030          0           1 
    mgc_mul(16,0,16,0,32,4)                        2138.696 2.082          1           1 
    mgc_mux(3,1,2,3)                                 11.991 0.081          0           2 
    mgc_mux(32,1,2,3)                               127.903 0.081          0           2 
    mgc_mux(36,1,2,3)                               143.891 0.081          0           1 
    mgc_mux(4,1,2,3)                                 15.988 0.081          0           4 
    mgc_mux(5,1,2,3)                                 19.985 0.081          0           1 
    mgc_mux(8,1,2,3)                                 31.976 0.081          0           1 
    mgc_mux1hot(4,3,4)                               23.662 0.113          0           1 
    mgc_nor(1,2,1)                                    4.800 0.019          0           3 
    mgc_not(1,1)                                      2.800 0.010          0          14 
    mgc_not(4,1)                                     11.200 0.010          0           3 
    mgc_or(1,2,4)                                     2.400 0.028          0           5 
    mgc_or(2,2,4)                                     4.800 0.028          0           1 
    mgc_reg_pos(1,0,0,1,1,0,0,4)                     21.183 0.232          0           4 
    mgc_reg_pos(2,0,0,1,1,0,0,4)                     42.366 0.232          0           2 
    mgc_reg_pos(3,0,0,1,1,0,0,4)                     63.550 0.232          0           1 
    mgc_reg_pos(32,0,0,1,1,0,0,4)                   677.862 0.232          0           1 
    mgc_reg_pos(36,0,0,1,1,0,0,4)                   762.595 0.232          0           1 
    mgc_reg_pos(4,0,0,1,1,0,0,4)                     84.733 0.232          0           3 
    mgc_reg_pos(8,0,0,1,1,0,0,4)                    169.466 0.232          0           1 
    [Lib: ram_sample-065nm-register-file_beh_dc]                                         
    REGISTER_FILE(1,120,16,7,0,1,0,0,0,1,1            0.000 0.010          1           0 
    REGISTER_FILE(1,120,16,7,0,1,0,0,0,2,1            0.000 0.010          1           0 
    REGISTER_FILE(1,120,16,7,0,1,0,0,0,3,1            0.000 0.010          1           0 
    REGISTER_FILE(1,120,16,7,0,1,0,0,0,4,1            0.000 0.010          1           0 
    REGISTER_FILE(1,120,16,7,0,1,0,0,1,1,1            0.000 0.010          1           0 
    REGISTER_FILE(1,120,16,7,0,1,0,0,1,2,1            0.000 0.010          1           0 
    REGISTER_FILE(1,120,16,7,0,1,0,0,1,3,1            0.000 0.010          1           0 
    REGISTER_FILE(1,120,16,7,0,1,0,0,1,4,1            0.000 0.010          1           0 
    REGISTER_FILE(1,120,16,7,0,1,0,1,0,1,1            0.000 0.010          1           0 
    REGISTER_FILE(1,120,16,7,0,1,0,1,0,2,1            0.000 0.010          1           0 
    REGISTER_FILE(1,120,16,7,0,1,0,1,0,3,1            0.000 0.010          1           0 
    REGISTER_FILE(1,120,16,7,0,1,0,1,0,4,1            0.000 0.010          1           0 
    REGISTER_FILE(1,120,16,7,0,1,0,1,1,1,1            0.000 0.010          1           0 
    REGISTER_FILE(1,120,16,7,0,1,0,1,1,2,1            0.000 0.010          1           0 
    REGISTER_FILE(1,120,16,7,0,1,0,1,1,3,1            0.000 0.010          1           0 
    REGISTER_FILE(1,120,16,7,0,1,0,1,1,4,1            0.000 0.010          1           0 
    REGISTER_FILE(2,156,16,8,0,1,0,0,0,1,1            0.000 0.010          1           0 
    REGISTER_FILE(2,156,16,8,0,1,0,0,0,2,1            0.000 0.010          1           0 
    REGISTER_FILE(2,156,16,8,0,1,0,0,0,3,1            0.000 0.010          1           0 
    REGISTER_FILE(2,156,16,8,0,1,0,0,0,4,1            0.000 0.010          1           0 
    REGISTER_FILE(2,156,16,8,0,1,0,0,1,1,1            0.000 0.010          1           0 
    REGISTER_FILE(2,156,16,8,0,1,0,0,1,2,1            0.000 0.010          1           0 
    REGISTER_FILE(2,156,16,8,0,1,0,0,1,3,1            0.000 0.010          1           0 
    REGISTER_FILE(2,156,16,8,0,1,0,0,1,4,1            0.000 0.010          1           0 
    REGISTER_FILE(2,156,16,8,0,1,0,1,0,1,1            0.000 0.010          1           0 
    REGISTER_FILE(2,156,16,8,0,1,0,1,0,2,1            0.000 0.010          1           0 
    REGISTER_FILE(2,156,16,8,0,1,0,1,0,3,1            0.000 0.010          1           0 
    REGISTER_FILE(2,156,16,8,0,1,0,1,0,4,1            0.000 0.010          1           0 
    REGISTER_FILE(2,156,16,8,0,1,0,1,1,1,1            0.000 0.010          1           0 
    REGISTER_FILE(2,156,16,8,0,1,0,1,1,2,1            0.000 0.010          1           0 
    REGISTER_FILE(2,156,16,8,0,1,0,1,1,3,1            0.000 0.010          1           0 
    REGISTER_FILE(2,156,16,8,0,1,0,1,1,4,1            0.000 0.010          1           0 
                                                                                         
    TOTAL AREA (After Assignment):                 5669.976                              
    
  Area Scores
                      Post-Scheduling   Post-DP & FSM Post-Assignment 
    ----------------- --------------- --------------- ---------------
    Total Area Score:   4633.3          5982.4          5724.0        
    Total Reg:          1864.1  (40%)   2145.1  (36%)   2145.1  (37%) 
                                                                      
    DataPath:           4633.3 (100%)   5928.4  (99%)   5670.0  (99%) 
      MUX:                 0.0           751.6  (13%)    563.3  (10%) 
      FUNC:             2769.1  (60%)   2929.9  (49%)   2740.0  (48%) 
      LOGIC:               0.0           149.8   (3%)    269.6   (5%) 
      BUFFER:              0.0             0.0             0.0        
      MEM:                 0.0             0.0             0.0        
      ROM:                 0.0             0.0             0.0        
      REG:              1864.1  (40%)   2097.1  (35%)   2097.1  (37%) 
                                                                      
    
    FSM:                   0.0            54.0   (1%)     54.0   (1%) 
      FSM-REG:             0.0            48.0  (89%)     48.0  (89%) 
      FSM-COMB:            0.0             6.0  (11%)      6.0  (11%) 
                                                                      
    
  Register-to-Variable Mappings
    Register                    Size(bits) Gated Register CG Opt Done Variables                                             
    --------------------------- ---------- -------------- ----------- -----------------------------------------------------
    output:rsc:mgc_out_stdreg.d         36                            output:rsc:mgc_out_stdreg.d                           
    loop2:partial_out.reg               32                            loop2:partial_out.sva                                 
                                                                      loop2:partial_out.sva#1                               
    addr:rsc:mgc_out_stdreg.d            8                            addr:rsc:mgc_out_stdreg.d                             
    loop1:i#1.sva                        4                            loop1:i#1.sva                                         
    loop2:j#1.reg                        4                            loop2:j#1.sva                                         
                                                                      loop2:j#1.sva#1                                       
    loop3:k#1.sva                        4                            loop3:k#1.sva                                         
    loop1:i:slc(loop1:i)#1.itm           3                            loop1:i:slc(loop1:i)#1.itm                            
    loop3:k:slc(loop3:k)#1.itm           2                            loop3:k:slc(loop3:k)#1.itm                            
    loop3:k:slc(loop3:k)#3.itm           2                            loop3:k:slc(loop3:k)#3.itm                            
    loop2:slc.itm                        1                            loop2:slc.itm                                         
    loop3.stage_0                        1                            loop3.stage_0                                         
    loop3.stage_0#2                      1                            loop3.stage_0#2                                       
    loop3:asn#9.itm#1                    1                            loop3:asn#9.itm#1                                     
                                                                                                                            
    Total:                              99              0           0 (Total Gating Ratio: 0.00, CG Opt Gating Ratio: 0.00) 
    
  Timing Report
    Critical Path
      Max Delay:  5.03693
      Slack:      94.96307
      
      Path                                                               Startpoint                                           Endpoint                                            Delay  Slack   
      ------------------------------------------------------------------ ---------------------------------------------------- --------------------------------------------------- ------ -------
      1                                                                  matrix_mult/input_matrix1:rsc:REGISTER_FILE.data_out matrix_mult:core/reg(output:rsc:mgc_out_stdreg.d)   5.0369 94.9631 
                                                                                                                                                                                                 
        Instance                                                         Component                                                                                                Delta  Delay   
        --------                                                         ---------                                                                                                -----  -----   
        matrix_mult/input_matrix1:rsc:REGISTER_FILE.data_out                                                                                                                      1.0000 1.0000  
        matrix_mult:core/input_matrix1:rsc:REGISTER_FILE.data_out                                                                                                                 0.0000 1.0000  
        matrix_mult:core/loop3:mul#2                                     mgc_mul_16_0_16_0_32_4                                                                                   2.0824 3.0824  
        matrix_mult:core/loop3:mul#2.itm                                                                                                                                          0.0000 3.0824  
        matrix_mult:core/loop3:acc#5                                     mgc_add_32_0_32_0_32_4                                                                                   1.7920 4.8744  
        matrix_mult:core/loop2:partial_out.sva#1:mx0w0                                                                                                                            0.0000 4.8744  
        matrix_mult:core/mux                                             mgc_mux_32_1_2_3                                                                                         0.0812 4.9557  
        matrix_mult:core/mux.itm                                                                                                                                                  0.0000 4.9557  
        matrix_mult:core/loop2:exs                                                                                                                                                0.0000 4.9557  
        matrix_mult:core/loop2:exs.itm                                                                                                                                            0.0000 4.9557  
        matrix_mult:core/mux#9                                           mgc_mux_36_1_2_3                                                                                         0.0812 5.0369  
        matrix_mult:core/mux#9.itm                                                                                                                                                0.0000 5.0369  
        matrix_mult:core/reg(output:rsc:mgc_out_stdreg.d)                mgc_reg_pos_36_0_0_1_1_0_0_4                                                                             0.0000 5.0369  
                                                                                                                                                                                                 
      2                                                                  matrix_mult/input_matrix2:rsc:REGISTER_FILE.data_out matrix_mult:core/reg(output:rsc:mgc_out_stdreg.d)   5.0369 94.9631 
                                                                                                                                                                                                 
        Instance                                                         Component                                                                                                Delta  Delay   
        --------                                                         ---------                                                                                                -----  -----   
        matrix_mult/input_matrix2:rsc:REGISTER_FILE.data_out                                                                                                                      1.0000 1.0000  
        matrix_mult:core/input_matrix2:rsc:REGISTER_FILE.data_out                                                                                                                 0.0000 1.0000  
        matrix_mult:core/loop3:mul#2                                     mgc_mul_16_0_16_0_32_4                                                                                   2.0824 3.0824  
        matrix_mult:core/loop3:mul#2.itm                                                                                                                                          0.0000 3.0824  
        matrix_mult:core/loop3:acc#5                                     mgc_add_32_0_32_0_32_4                                                                                   1.7920 4.8744  
        matrix_mult:core/loop2:partial_out.sva#1:mx0w0                                                                                                                            0.0000 4.8744  
        matrix_mult:core/mux                                             mgc_mux_32_1_2_3                                                                                         0.0812 4.9557  
        matrix_mult:core/mux.itm                                                                                                                                                  0.0000 4.9557  
        matrix_mult:core/loop2:exs                                                                                                                                                0.0000 4.9557  
        matrix_mult:core/loop2:exs.itm                                                                                                                                            0.0000 4.9557  
        matrix_mult:core/mux#9                                           mgc_mux_36_1_2_3                                                                                         0.0812 5.0369  
        matrix_mult:core/mux#9.itm                                                                                                                                                0.0000 5.0369  
        matrix_mult:core/reg(output:rsc:mgc_out_stdreg.d)                mgc_reg_pos_36_0_0_1_1_0_0_4                                                                             0.0000 5.0369  
                                                                                                                                                                                                 
      3                                                                  matrix_mult/input_matrix1:rsc:REGISTER_FILE.data_out matrix_mult:core/reg(loop2:partial_out.reg)         4.9856 95.0144 
                                                                                                                                                                                                 
        Instance                                                         Component                                                                                                Delta  Delay   
        --------                                                         ---------                                                                                                -----  -----   
        matrix_mult/input_matrix1:rsc:REGISTER_FILE.data_out                                                                                                                      1.0000 1.0000  
        matrix_mult:core/input_matrix1:rsc:REGISTER_FILE.data_out                                                                                                                 0.0000 1.0000  
        matrix_mult:core/loop3:mul#2                                     mgc_mul_16_0_16_0_32_4                                                                                   2.0824 3.0824  
        matrix_mult:core/loop3:mul#2.itm                                                                                                                                          0.0000 3.0824  
        matrix_mult:core/loop3:acc#5                                     mgc_add_32_0_32_0_32_4                                                                                   1.7920 4.8744  
        matrix_mult:core/loop2:partial_out.sva#1:mx0w0                                                                                                                            0.0000 4.8744  
        matrix_mult:core/mux#21                                          mgc_mux_32_1_2_3                                                                                         0.0812 4.9557  
        matrix_mult:core/mux#21.itm                                                                                                                                               0.0000 4.9557  
        matrix_mult:core/and                                             mgc_and_32_2_4                                                                                           0.0299 4.9856  
        matrix_mult:core/and.itm                                                                                                                                                  0.0000 4.9856  
        matrix_mult:core/reg(loop2:partial_out.reg)                      mgc_reg_pos_32_0_0_1_1_0_0_4                                                                             0.0000 4.9856  
                                                                                                                                                                                                 
      4                                                                  matrix_mult/input_matrix2:rsc:REGISTER_FILE.data_out matrix_mult:core/reg(loop2:partial_out.reg)         4.9856 95.0144 
                                                                                                                                                                                                 
        Instance                                                         Component                                                                                                Delta  Delay   
        --------                                                         ---------                                                                                                -----  -----   
        matrix_mult/input_matrix2:rsc:REGISTER_FILE.data_out                                                                                                                      1.0000 1.0000  
        matrix_mult:core/input_matrix2:rsc:REGISTER_FILE.data_out                                                                                                                 0.0000 1.0000  
        matrix_mult:core/loop3:mul#2                                     mgc_mul_16_0_16_0_32_4                                                                                   2.0824 3.0824  
        matrix_mult:core/loop3:mul#2.itm                                                                                                                                          0.0000 3.0824  
        matrix_mult:core/loop3:acc#5                                     mgc_add_32_0_32_0_32_4                                                                                   1.7920 4.8744  
        matrix_mult:core/loop2:partial_out.sva#1:mx0w0                                                                                                                            0.0000 4.8744  
        matrix_mult:core/mux#21                                          mgc_mux_32_1_2_3                                                                                         0.0812 4.9557  
        matrix_mult:core/mux#21.itm                                                                                                                                               0.0000 4.9557  
        matrix_mult:core/and                                             mgc_and_32_2_4                                                                                           0.0299 4.9856  
        matrix_mult:core/and.itm                                                                                                                                                  0.0000 4.9856  
        matrix_mult:core/reg(loop2:partial_out.reg)                      mgc_reg_pos_32_0_0_1_1_0_0_4                                                                             0.0000 4.9856  
                                                                                                                                                                                                 
      5                                                                  matrix_mult:core/reg(loop2:partial_out.reg)          matrix_mult:core/reg(loop2:partial_out.reg)         2.1353 97.8647 
                                                                                                                                                                                                 
        Instance                                                         Component                                                                                                Delta  Delay   
        --------                                                         ---------                                                                                                -----  -----   
        matrix_mult:core/reg(loop2:partial_out.reg)                      mgc_reg_pos_32_0_0_1_1_0_0_4                                                                             0.2321 0.2321  
        matrix_mult:core/loop2:partial_out.reg                                                                                                                                    0.0000 0.2321  
        matrix_mult:core/loop3:acc#5                                     mgc_add_32_0_32_0_32_4                                                                                   1.7920 2.0241  
        matrix_mult:core/loop2:partial_out.sva#1:mx0w0                                                                                                                            0.0000 2.0241  
        matrix_mult:core/mux#21                                          mgc_mux_32_1_2_3                                                                                         0.0812 2.1054  
        matrix_mult:core/mux#21.itm                                                                                                                                               0.0000 2.1054  
        matrix_mult:core/and                                             mgc_and_32_2_4                                                                                           0.0299 2.1353  
        matrix_mult:core/and.itm                                                                                                                                                  0.0000 2.1353  
        matrix_mult:core/reg(loop2:partial_out.reg)                      mgc_reg_pos_32_0_0_1_1_0_0_4                                                                             0.0000 2.1353  
                                                                                                                                                                                                 
      6                                                                  matrix_mult:core/reg(loop1:i#1.sva)                  matrix_mult:core/reg(addr:rsc:mgc_out_stdreg.d)     0.9470 99.0530 
                                                                                                                                                                                                 
        Instance                                                         Component                                                                                                Delta  Delay   
        --------                                                         ---------                                                                                                -----  -----   
        matrix_mult:core/reg(loop1:i#1.sva)                              mgc_reg_pos_4_0_0_1_1_0_0_4                                                                              0.2321 0.2321  
        matrix_mult:core/loop1:i#1.sva                                                                                                                                            0.0000 0.2321  
        matrix_mult:core/mux#16                                          mgc_mux_4_1_2_3                                                                                          0.0812 0.3134  
        matrix_mult:core/mux#16.itm                                                                                                                                               0.0000 0.3134  
        matrix_mult:core/mgc_sample-065nm-dw_beh_dc.mgc_add(4,0,4,0,5,4) mgc_add_4_0_4_0_5_4                                                                                      0.0960 0.4094  
        matrix_mult:core/z.out#1                                                                                                                                                  0.0000 0.4094  
        matrix_mult:core/slc(loop3:acc#11.sdt)                                                                                                                                    0.0000 0.4094  
        matrix_mult:core/slc(loop3:acc#11.sdt).itm                                                                                                                                0.0000 0.4094  
        matrix_mult:core/conc#15                                                                                                                                                  0.0000 0.4094  
        matrix_mult:core/conc#15.itm                                                                                                                                              0.0000 0.4094  
        matrix_mult:core/acc#1                                           mgc_add_5_0_4_0_5_4                                                                                      0.1562 0.5656  
        matrix_mult:core/acc#1.itm                                                                                                                                                0.0000 0.5656  
        matrix_mult:core/mux#19                                          mgc_mux_5_1_2_3                                                                                          0.0812 0.6468  
        matrix_mult:core/mux#19.itm                                                                                                                                               0.0000 0.6468  
        matrix_mult:core/mgc_sample-065nm-dw_beh_dc.mgc_add(6,0,5,1,6,4) mgc_add_6_0_5_1_6_4                                                                                      0.2190 0.8658  
        matrix_mult:core/z.out#3                                                                                                                                                  0.0000 0.8658  
        matrix_mult:core/loop2:conc                                                                                                                                               0.0000 0.8658  
        matrix_mult:core/loop2:conc.itm                                                                                                                                           0.0000 0.8658  
        matrix_mult:core/mux#3                                           mgc_mux_8_1_2_3                                                                                          0.0812 0.9470  
        matrix_mult:core/mux#3.itm                                                                                                                                                0.0000 0.9470  
        matrix_mult:core/reg(addr:rsc:mgc_out_stdreg.d)                  mgc_reg_pos_8_0_0_1_1_0_0_4                                                                              0.0000 0.9470  
                                                                                                                                                                                                 
      7                                                                  matrix_mult:core/reg(loop1:i#1.sva)                  matrix_mult:core/reg(addr:rsc:mgc_out_stdreg.d)     0.9470 99.0530 
                                                                                                                                                                                                 
        Instance                                                         Component                                                                                                Delta  Delay   
        --------                                                         ---------                                                                                                -----  -----   
        matrix_mult:core/reg(loop1:i#1.sva)                              mgc_reg_pos_4_0_0_1_1_0_0_4                                                                              0.2321 0.2321  
        matrix_mult:core/loop1:i#1.sva                                                                                                                                            0.0000 0.2321  
        matrix_mult:core/mux#16                                          mgc_mux_4_1_2_3                                                                                          0.0812 0.3134  
        matrix_mult:core/mux#16.itm                                                                                                                                               0.0000 0.3134  
        matrix_mult:core/mgc_sample-065nm-dw_beh_dc.mgc_add(4,0,4,0,5,4) mgc_add_4_0_4_0_5_4                                                                                      0.0960 0.4094  
        matrix_mult:core/z.out#1                                                                                                                                                  0.0000 0.4094  
        matrix_mult:core/slc(loop2:acc#4.sdt)                                                                                                                                     0.0000 0.4094  
        matrix_mult:core/slc(loop2:acc#4.sdt).itm                                                                                                                                 0.0000 0.4094  
        matrix_mult:core/conc#10                                                                                                                                                  0.0000 0.4094  
        matrix_mult:core/conc#10.itm                                                                                                                                              0.0000 0.4094  
        matrix_mult:core/acc                                             mgc_add_5_0_4_0_5_4                                                                                      0.1562 0.5656  
        matrix_mult:core/acc.itm                                                                                                                                                  0.0000 0.5656  
        matrix_mult:core/mux#19                                          mgc_mux_5_1_2_3                                                                                          0.0812 0.6468  
        matrix_mult:core/mux#19.itm                                                                                                                                               0.0000 0.6468  
        matrix_mult:core/mgc_sample-065nm-dw_beh_dc.mgc_add(6,0,5,1,6,4) mgc_add_6_0_5_1_6_4                                                                                      0.2190 0.8658  
        matrix_mult:core/z.out#3                                                                                                                                                  0.0000 0.8658  
        matrix_mult:core/loop2:conc                                                                                                                                               0.0000 0.8658  
        matrix_mult:core/loop2:conc.itm                                                                                                                                           0.0000 0.8658  
        matrix_mult:core/mux#3                                           mgc_mux_8_1_2_3                                                                                          0.0812 0.9470  
        matrix_mult:core/mux#3.itm                                                                                                                                                0.0000 0.9470  
        matrix_mult:core/reg(addr:rsc:mgc_out_stdreg.d)                  mgc_reg_pos_8_0_0_1_1_0_0_4                                                                              0.0000 0.9470  
                                                                                                                                                                                                 
      8                                                                  matrix_mult:core/reg(loop3:k#1.sva)                  matrix_mult:core/reg(addr:rsc:mgc_out_stdreg.d)     0.9470 99.0530 
                                                                                                                                                                                                 
        Instance                                                         Component                                                                                                Delta  Delay   
        --------                                                         ---------                                                                                                -----  -----   
        matrix_mult:core/reg(loop3:k#1.sva)                              mgc_reg_pos_4_0_0_1_1_0_0_4                                                                              0.2321 0.2321  
        matrix_mult:core/loop3:k#1.sva                                                                                                                                            0.0000 0.2321  
        matrix_mult:core/mux#16                                          mgc_mux_4_1_2_3                                                                                          0.0812 0.3134  
        matrix_mult:core/mux#16.itm                                                                                                                                               0.0000 0.3134  
        matrix_mult:core/mgc_sample-065nm-dw_beh_dc.mgc_add(4,0,4,0,5,4) mgc_add_4_0_4_0_5_4                                                                                      0.0960 0.4094  
        matrix_mult:core/z.out#1                                                                                                                                                  0.0000 0.4094  
        matrix_mult:core/slc(loop2:acc#4.sdt)                                                                                                                                     0.0000 0.4094  
        matrix_mult:core/slc(loop2:acc#4.sdt).itm                                                                                                                                 0.0000 0.4094  
        matrix_mult:core/conc#10                                                                                                                                                  0.0000 0.4094  
        matrix_mult:core/conc#10.itm                                                                                                                                              0.0000 0.4094  
        matrix_mult:core/acc                                             mgc_add_5_0_4_0_5_4                                                                                      0.1562 0.5656  
        matrix_mult:core/acc.itm                                                                                                                                                  0.0000 0.5656  
        matrix_mult:core/mux#19                                          mgc_mux_5_1_2_3                                                                                          0.0812 0.6468  
        matrix_mult:core/mux#19.itm                                                                                                                                               0.0000 0.6468  
        matrix_mult:core/mgc_sample-065nm-dw_beh_dc.mgc_add(6,0,5,1,6,4) mgc_add_6_0_5_1_6_4                                                                                      0.2190 0.8658  
        matrix_mult:core/z.out#3                                                                                                                                                  0.0000 0.8658  
        matrix_mult:core/loop2:conc                                                                                                                                               0.0000 0.8658  
        matrix_mult:core/loop2:conc.itm                                                                                                                                           0.0000 0.8658  
        matrix_mult:core/mux#3                                           mgc_mux_8_1_2_3                                                                                          0.0812 0.9470  
        matrix_mult:core/mux#3.itm                                                                                                                                                0.0000 0.9470  
        matrix_mult:core/reg(addr:rsc:mgc_out_stdreg.d)                  mgc_reg_pos_8_0_0_1_1_0_0_4                                                                              0.0000 0.9470  
                                                                                                                                                                                                 
      9                                                                  matrix_mult:core/reg(loop1:i#1.sva)                  matrix_mult/input_matrix2:rsc:REGISTER_FILE.addr_rd 0.9056 99.0944 
                                                                                                                                                                                                 
        Instance                                                         Component                                                                                                Delta  Delay   
        --------                                                         ---------                                                                                                -----  -----   
        matrix_mult:core/reg(loop1:i#1.sva)                              mgc_reg_pos_4_0_0_1_1_0_0_4                                                                              0.2321 0.2321  
        matrix_mult:core/loop1:i#1.sva                                                                                                                                            0.0000 0.2321  
        matrix_mult:core/mux#16                                          mgc_mux_4_1_2_3                                                                                          0.0812 0.3134  
        matrix_mult:core/mux#16.itm                                                                                                                                               0.0000 0.3134  
        matrix_mult:core/mgc_sample-065nm-dw_beh_dc.mgc_add(4,0,4,0,5,4) mgc_add_4_0_4_0_5_4                                                                                      0.0960 0.4094  
        matrix_mult:core/z.out#1                                                                                                                                                  0.0000 0.4094  
        matrix_mult:core/slc(loop3:acc#11.sdt)                                                                                                                                    0.0000 0.4094  
        matrix_mult:core/slc(loop3:acc#11.sdt).itm                                                                                                                                0.0000 0.4094  
        matrix_mult:core/conc#15                                                                                                                                                  0.0000 0.4094  
        matrix_mult:core/conc#15.itm                                                                                                                                              0.0000 0.4094  
        matrix_mult:core/acc#1                                           mgc_add_5_0_4_0_5_4                                                                                      0.1562 0.5656  
        matrix_mult:core/acc#1.itm                                                                                                                                                0.0000 0.5656  
        matrix_mult:core/mux#19                                          mgc_mux_5_1_2_3                                                                                          0.0812 0.6468  
        matrix_mult:core/mux#19.itm                                                                                                                                               0.0000 0.6468  
        matrix_mult:core/mgc_sample-065nm-dw_beh_dc.mgc_add(6,0,5,1,6,4) mgc_add_6_0_5_1_6_4                                                                                      0.2190 0.8658  
        matrix_mult:core/z.out#3                                                                                                                                                  0.0000 0.8658  
        matrix_mult:core/loop3:conc#9                                                                                                                                             0.0000 0.8658  
        matrix_mult:core/loop3:conc#9.itm                                                                                                                                         0.0000 0.8658  
        matrix_mult:core/and#11                                          mgc_and_8_2_4                                                                                            0.0299 0.8956  
        matrix_mult:core/input_matrix2:rsc:REGISTER_FILE.addr_rd                                                                                                                  0.0000 0.8956  
        matrix_mult/input_matrix2:rsc:REGISTER_FILE.addr_rd.reg                                                                                                                   0.0000 0.8956  
        matrix_mult/asn(input_matrix2:rsc:REGISTER_FILE.addr_rd)                                                                                                                  0.0000 0.8956  
        matrix_mult/input_matrix2:rsc:REGISTER_FILE.addr_rd                                                                                                                       0.0100 0.9056  
                                                                                                                                                                                                 
      10                                                                 matrix_mult:core/reg(loop3:k#1.sva)                  matrix_mult/input_matrix2:rsc:REGISTER_FILE.addr_rd 0.9056 99.0944 
                                                                                                                                                                                                 
        Instance                                                         Component                                                                                                Delta  Delay   
        --------                                                         ---------                                                                                                -----  -----   
        matrix_mult:core/reg(loop3:k#1.sva)                              mgc_reg_pos_4_0_0_1_1_0_0_4                                                                              0.2321 0.2321  
        matrix_mult:core/loop3:k#1.sva                                                                                                                                            0.0000 0.2321  
        matrix_mult:core/mux#16                                          mgc_mux_4_1_2_3                                                                                          0.0812 0.3134  
        matrix_mult:core/mux#16.itm                                                                                                                                               0.0000 0.3134  
        matrix_mult:core/mgc_sample-065nm-dw_beh_dc.mgc_add(4,0,4,0,5,4) mgc_add_4_0_4_0_5_4                                                                                      0.0960 0.4094  
        matrix_mult:core/z.out#1                                                                                                                                                  0.0000 0.4094  
        matrix_mult:core/slc(loop3:acc#11.sdt)                                                                                                                                    0.0000 0.4094  
        matrix_mult:core/slc(loop3:acc#11.sdt).itm                                                                                                                                0.0000 0.4094  
        matrix_mult:core/conc#15                                                                                                                                                  0.0000 0.4094  
        matrix_mult:core/conc#15.itm                                                                                                                                              0.0000 0.4094  
        matrix_mult:core/acc#1                                           mgc_add_5_0_4_0_5_4                                                                                      0.1562 0.5656  
        matrix_mult:core/acc#1.itm                                                                                                                                                0.0000 0.5656  
        matrix_mult:core/mux#19                                          mgc_mux_5_1_2_3                                                                                          0.0812 0.6468  
        matrix_mult:core/mux#19.itm                                                                                                                                               0.0000 0.6468  
        matrix_mult:core/mgc_sample-065nm-dw_beh_dc.mgc_add(6,0,5,1,6,4) mgc_add_6_0_5_1_6_4                                                                                      0.2190 0.8658  
        matrix_mult:core/z.out#3                                                                                                                                                  0.0000 0.8658  
        matrix_mult:core/loop3:conc#9                                                                                                                                             0.0000 0.8658  
        matrix_mult:core/loop3:conc#9.itm                                                                                                                                         0.0000 0.8658  
        matrix_mult:core/and#11                                          mgc_and_8_2_4                                                                                            0.0299 0.8956  
        matrix_mult:core/input_matrix2:rsc:REGISTER_FILE.addr_rd                                                                                                                  0.0000 0.8956  
        matrix_mult/input_matrix2:rsc:REGISTER_FILE.addr_rd.reg                                                                                                                   0.0000 0.8956  
        matrix_mult/asn(input_matrix2:rsc:REGISTER_FILE.addr_rd)                                                                                                                  0.0000 0.8956  
        matrix_mult/input_matrix2:rsc:REGISTER_FILE.addr_rd                                                                                                                       0.0100 0.9056  
                                                                                                                                                                                                 
      
    Register Input and Register-to-Output Slack
      Clock period or pin-to-reg delay constraint (clk): 100.0
      Clock uncertainty constraint (clk)               : 0.0
      
      Instance                                          Port                                       Slack (Delay) Messages 
      ------------------------------------------------- --------------------------------------- -------- ------- --------
      matrix_mult:core/reg(loop3:asn#9.itm#1)           loop3:not.itm                            99.3726  0.6274          
      matrix_mult:core/reg(loop2:partial_out.reg)       and.itm                                  95.0144  4.9856          
      matrix_mult:core/reg(loop1:i#1.sva)               and#13.itm                               99.4455  0.5545          
      matrix_mult:core/reg(loop2:j#1.reg)               and#17.itm                               99.4455  0.5545          
      matrix_mult:core/reg(addr:rsc:mgc_out_stdreg.d)   mux#3.itm                                99.0530  0.9470          
      matrix_mult:core/reg(loop3.stage_0)               or.itm                                   99.3247  0.6753          
      matrix_mult:core/reg(loop3:k#1.sva)               and#18.itm                               99.5267  0.4733          
      matrix_mult:core/reg(loop3.stage_0#2)             and#19.itm                               99.7380  0.2620          
      matrix_mult:core/reg(output:rsc:mgc_out_stdreg.d) mux#9.itm                                94.9631  5.0369          
      matrix_mult:core/reg(loop3:k:slc(loop3:k)#1.itm)  slc(loop3:k#1.sva:mx1).itm               99.5267  0.4733          
      matrix_mult:core/reg(loop3:k:slc(loop3:k)#3.itm)  slc(loop3:k#1.sva:mx1)#1.itm             99.5267  0.4733          
      matrix_mult:core/reg(loop1:i:slc(loop1:i)#1.itm)  and#14.itm                               99.4455  0.5545          
      matrix_mult:core/reg(loop2:slc.itm)               loop2:slc.itm#1                          99.4004  0.5996          
      matrix_mult                                       output:rsc.z                             99.7679  0.2321          
      matrix_mult                                       output_valid:rsc.z                      100.0000  0.0000          
      matrix_mult                                       addr:rsc.z                               99.7679  0.2321          
      matrix_mult                                       input_matrix1:rsc:REGISTER_FILE.data_in  99.9800  0.0200          
      matrix_mult                                       input_matrix1:rsc:REGISTER_FILE.addr_rd  99.4047  0.5953          
      matrix_mult                                       input_matrix1:rsc:REGISTER_FILE.addr_wr  99.9800  0.0200          
      matrix_mult                                       input_matrix1:rsc:REGISTER_FILE.re       99.7080  0.2920          
      matrix_mult                                       input_matrix1:rsc:REGISTER_FILE.we       99.9800  0.0200          
      matrix_mult                                       input_matrix2:rsc:REGISTER_FILE.data_in  99.9800  0.0200          
      matrix_mult                                       input_matrix2:rsc:REGISTER_FILE.addr_rd  99.0844  0.9156          
      matrix_mult                                       input_matrix2:rsc:REGISTER_FILE.addr_wr  99.9800  0.0200          
      matrix_mult                                       input_matrix2:rsc:REGISTER_FILE.re       99.7080  0.2920          
      matrix_mult                                       input_matrix2:rsc:REGISTER_FILE.we       99.9800  0.0200          
      
  Operator Bitwidth Summary
    Operation  Size (bits) Count 
    ---------- ----------- -----
    add                          
    -                   32     1 
    -                    6     1 
    -                    5     6 
    -                    4     2 
    and                          
    -                    2    11 
    mul                          
    -                   32     1 
    mux                          
    -                    1    11 
    mux1h                        
    -                    3     1 
    nor                          
    -                    2     3 
    not                          
    -                    4     3 
    -                    1    14 
    or                           
    -                    2     6 
    reg                          
    -                   36     1 
    -                   32     1 
    -                    8     1 
    -                    4     3 
    -                    3     1 
    -                    2     2 
    -                    1     4 
    write_port                   
    -                   36     1 
    -                    8     1 
    -                    1     1 
    
  End of Report
