-- Catapult System Level Synthesis: Report                                              
-- -------------------------------- ---------------------------------------------------
-- Version:                         2011a.41 Production Release                         
-- Build Date:                      Thu Apr  7 20:28:55 PDT 2011                        
                                                                                        
-- Generated by:                    TA@TA-PC                                            
-- Generated date:                  Fri Mar 29 21:10:00 +0330 2024                      

Solution Settings: matrix_mult.v3
  Current state: extract
  Project: Catapult
  
  Design Input Files Specified
    $PROJECT_HOME/MATRIX_MULT.cpp
      $PROJECT_HOME/matrix_mult.h
        $MGC_HOME/shared/include/ac_int.h
    $PROJECT_HOME/MATRIX_MULT.h
      $MGC_HOME/shared/include/ac_int.h
  
  Processes/Blocks in Design
    Process           Real Operation(s) count Latency Throughput Reset Length II Comments 
    ----------------- ----------------------- ------- ---------- ------------ -- --------
    /matrix_mult/core                      73    1819       1832            0  0          
    Design Total:                          73    1819       1832            0  0          
    
  Bill Of Materials (Datapath)
    Component Name                               Area Score Delay Post Alloc Post Assign 
    -------------------------------------------- ---------- ----- ---------- -----------
    [Lib: mgc_ioport]                                                                    
    mgc_out_stdreg(3,36)                              0.000 0.000          1           1 
    mgc_out_stdreg(5,8)                               0.000 0.000          1           1 
    [Lib: mgc_sample-065nm-dw_beh_dc]                                                    
    mgc_add(1,0,1,0,2,1)                              6.132 0.000          0           1 
    mgc_add(2,0,1,0,2,4)                             13.790 0.000          1           0 
    mgc_add(3,0,1,0,3,4)                             20.175 0.035          0           1 
    mgc_add(3,0,2,1,3,4)                             27.273 0.029          1           0 
    mgc_add(32,0,32,0,32,4)                         266.788 1.792         11           4 
    mgc_add(4,0,1,0,4,4)                             26.560 0.098          0           2 
    mgc_add(4,0,1,0,5,4)                             26.560 0.098          0           1 
    mgc_add(4,0,3,0,4,4)                             30.525 0.093          1           1 
    mgc_add(4,0,3,0,5,4)                             30.525 0.093          0           2 
    mgc_add(4,0,4,0,5,4)                             32.507 0.096          1           3 
    mgc_add(4,0,4,1,5,4)                             35.528 0.336          3           0 
    mgc_add(5,0,1,0,5,4)                             32.944 0.158          0           1 
    mgc_add(5,0,2,1,5,4)                             44.308 0.152          1           0 
    mgc_add(5,0,3,0,5,4)                             36.909 0.153          1           0 
    mgc_add(5,0,4,0,5,4)                             38.892 0.156          3           2 
    mgc_add(5,0,4,0,6,4)                             38.892 0.156          0           1 
    mgc_add(5,0,5,0,5,4)                             40.874 0.161          2           1 
    mgc_add(6,0,4,0,6,4)                             45.277 0.214          1           0 
    mgc_add(6,0,5,1,6,4)                             52.432 0.219          0           1 
    mgc_add(7,0,4,0,8,4)                             51.661 0.271          0           1 
    mgc_add(8,0,4,0,8,4)                             58.046 0.326          1           0 
    mgc_add(8,0,5,0,8,4)                             60.028 0.331          1           0 
    mgc_add(8,0,8,0,8,4)                             65.976 0.350          1           0 
    mgc_and(1,2,4)                                    2.400 0.030          0           8 
    mgc_and(13,3,4)                                  36.400 0.049          0           1 
    mgc_and(3,3,4)                                    8.400 0.049          0           1 
    mgc_and(4,2,4)                                    9.600 0.030          0           4 
    mgc_and(4,3,4)                                   11.200 0.049          0           2 
    mgc_and(5,2,4)                                   12.000 0.030          0           2 
    mgc_and(5,3,4)                                   14.000 0.049          0           4 
    mgc_and(6,3,4)                                   16.800 0.049          0           2 
    mgc_mul(16,0,16,0,32,4)                        2138.696 2.082          1           1 
    mgc_mux(1,1,2,3)                                  3.997 0.081          0           1 
    mgc_mux(16,1,2,3)                                63.952 0.081          0          20 
    mgc_mux(2,1,2,3)                                  7.994 0.081          0           1 
    mgc_mux(3,1,2,3)                                 11.991 0.081          0           1 
    mgc_mux(32,1,2,3)                               127.903 0.081          0           1 
    mgc_mux(36,1,2,3)                               143.891 0.081          0           1 
    mgc_mux(4,1,2,3)                                 15.988 0.081          0           2 
    mgc_mux(5,1,2,3)                                 19.985 0.081          0           1 
    mgc_mux(8,1,2,3)                                 31.976 0.081          0           1 
    mgc_mux1hot(16,12,4)                            370.075 0.122          0           2 
    mgc_mux1hot(32,3,4)                             189.297 0.113          0           3 
    mgc_mux1hot(32,4,4)                             250.503 0.115          0           1 
    mgc_nand(1,2,1)                                   4.000 0.007          0           1 
    mgc_nor(1,13,4)                                  14.000 0.112          0           1 
    mgc_nor(1,2,1)                                    4.800 0.019          0           3 
    mgc_nor(1,3,4)                                    4.800 0.046          0           2 
    mgc_nor(11,2,1)                                  52.800 0.019          0           1 
    mgc_not(1,1)                                      2.800 0.010          0           8 
    mgc_not(4,1)                                     11.200 0.010          0           2 
    mgc_or(1,11,4)                                   11.600 0.094          0           1 
    mgc_or(1,2,4)                                     2.400 0.028          0           8 
    mgc_or(1,3,4)                                     3.400 0.048          0           1 
    mgc_or(3,2,4)                                     7.200 0.028          0           1 
    mgc_reg_pos(1,0,0,1,1,0,0,4)                     21.183 0.232          0           1 
    mgc_reg_pos(16,0,0,1,1,0,0,4)                   338.931 0.232          0          22 
    mgc_reg_pos(32,0,0,1,1,0,0,4)                   677.862 0.232          0           4 
    mgc_reg_pos(36,0,0,1,1,0,0,4)                   762.595 0.232          0           1 
    mgc_reg_pos(4,0,0,1,1,0,0,4)                     84.733 0.232          0           2 
    mgc_reg_pos(8,0,0,1,1,0,0,4)                    169.466 0.232          0           1 
    [Lib: ram_sample-065nm-register-file_beh_dc]                                         
    REGISTER_FILE(1,120,16,7,0,1,0,0,0,1,1            0.000 0.010          1           0 
    REGISTER_FILE(1,120,16,7,0,1,0,0,0,2,1            0.000 0.010          1           0 
    REGISTER_FILE(1,120,16,7,0,1,0,0,0,3,1            0.000 0.010          1           0 
    REGISTER_FILE(1,120,16,7,0,1,0,0,0,4,1            0.000 0.010          1           0 
    REGISTER_FILE(1,120,16,7,0,1,0,0,1,1,1            0.000 0.010          1           0 
    REGISTER_FILE(1,120,16,7,0,1,0,0,1,2,1            0.000 0.010          1           0 
    REGISTER_FILE(1,120,16,7,0,1,0,0,1,3,1            0.000 0.010          1           0 
    REGISTER_FILE(1,120,16,7,0,1,0,0,1,4,1            0.000 0.010          1           0 
    REGISTER_FILE(1,120,16,7,0,1,0,1,0,1,1            0.000 0.010          1           0 
    REGISTER_FILE(1,120,16,7,0,1,0,1,0,2,1            0.000 0.010          1           0 
    REGISTER_FILE(1,120,16,7,0,1,0,1,0,3,1            0.000 0.010          1           0 
    REGISTER_FILE(1,120,16,7,0,1,0,1,0,4,1            0.000 0.010          1           0 
    REGISTER_FILE(1,120,16,7,0,1,0,1,1,1,1            0.000 0.010          1           0 
    REGISTER_FILE(1,120,16,7,0,1,0,1,1,2,1            0.000 0.010          1           0 
    REGISTER_FILE(1,120,16,7,0,1,0,1,1,3,1            0.000 0.010          1           0 
    REGISTER_FILE(1,120,16,7,0,1,0,1,1,4,1            0.000 0.010          1           0 
    REGISTER_FILE(2,156,16,8,0,1,0,0,0,1,1            0.000 0.010          1           0 
    REGISTER_FILE(2,156,16,8,0,1,0,0,0,2,1            0.000 0.010          1           0 
    REGISTER_FILE(2,156,16,8,0,1,0,0,0,3,1            0.000 0.010          1           0 
    REGISTER_FILE(2,156,16,8,0,1,0,0,0,4,1            0.000 0.010          1           0 
    REGISTER_FILE(2,156,16,8,0,1,0,0,1,1,1            0.000 0.010          1           0 
    REGISTER_FILE(2,156,16,8,0,1,0,0,1,2,1            0.000 0.010          1           0 
    REGISTER_FILE(2,156,16,8,0,1,0,0,1,3,1            0.000 0.010          1           0 
    REGISTER_FILE(2,156,16,8,0,1,0,0,1,4,1            0.000 0.010          1           0 
    REGISTER_FILE(2,156,16,8,0,1,0,1,0,1,1            0.000 0.010          1           0 
    REGISTER_FILE(2,156,16,8,0,1,0,1,0,2,1            0.000 0.010          1           0 
    REGISTER_FILE(2,156,16,8,0,1,0,1,0,3,1            0.000 0.010          1           0 
    REGISTER_FILE(2,156,16,8,0,1,0,1,0,4,1            0.000 0.010          1           0 
    REGISTER_FILE(2,156,16,8,0,1,0,1,1,1,1            0.000 0.010          1           0 
    REGISTER_FILE(2,156,16,8,0,1,0,1,1,2,1            0.000 0.010          1           0 
    REGISTER_FILE(2,156,16,8,0,1,0,1,1,3,1            0.000 0.010          1           0 
    REGISTER_FILE(2,156,16,8,0,1,0,1,1,4,1            0.000 0.010          1           0 
                                                                                         
    TOTAL AREA (After Assignment):                18722.855                              
    
  Area Scores
                       Post-Scheduling    Post-DP & FSM  Post-Assignment 
    ----------------- ---------------- ---------------- ----------------
    Total Area Score:   17062.5          43553.1          18890.9        
    Total Reg:          11269.5  (66%)   11453.6  (26%)   11453.6  (61%) 
                                                                         
    DataPath:           17062.5 (100%)   43385.1 (100%)   18722.9  (99%) 
      MUX:                  0.0           2345.9   (5%)    3217.3  (17%) 
      FUNC:              5793.0  (34%)   29358.8  (68%)    3795.5  (20%) 
      LOGIC:                0.0            389.8   (1%)     419.4   (2%) 
      BUFFER:               0.0              0.0              0.0        
      MEM:                  0.0              0.0              0.0        
      ROM:                  0.0              0.0              0.0        
      REG:              11269.5  (66%)   11290.6  (26%)   11290.6  (60%) 
                                                                         
    
    FSM:                    0.0            168.0   (0%)     168.0   (1%) 
      FSM-REG:              0.0            163.0  (97%)     163.0  (97%) 
      FSM-COMB:             0.0              5.0   (3%)       5.0   (3%) 
                                                                         
    
  Register-to-Variable Mappings
    Register                                                   Size(bits) Gated Register CG Opt Done Variables                                                  
    ---------------------------------------------------------- ---------- -------------- ----------- ----------------------------------------------------------
    output:rsc:mgc_out_stdreg.d                                        36                            output:rsc:mgc_out_stdreg.d                                
    loop2.reg#1                                                        32                            loop2:acc#82.itm                                           
                                                                                                     loop2:acc#84.itm                                           
                                                                                                     loop2:acc#86.itm                                           
                                                                                                     loop2:mul#11.itm                                           
                                                                                                     loop2:mul#23.itm                                           
    loop2.reg#2                                                        32                            loop2:acc#88.itm                                           
                                                                                                     loop2:mul#29.itm                                           
                                                                                                     loop2:mul#35.itm                                           
    loop2.reg#3                                                        32                            loop2:acc#90.itm                                           
                                                                                                     loop2:mul#5.itm                                            
    loop2:mul#17.itm                                                   32                            loop2:mul#17.itm                                           
    loop2:slc(input_matrix1:rsc:REGISTER_FILE.data_out)#1.itm          16                            loop2:slc(input_matrix1:rsc:REGISTER_FILE.data_out)#1.itm  
    loop2:slc(input_matrix1:rsc:REGISTER_FILE.data_out)#11.itm         16                            loop2:slc(input_matrix1:rsc:REGISTER_FILE.data_out)#11.itm 
    loop2:slc(input_matrix1:rsc:REGISTER_FILE.data_out)#2.itm          16                            loop2:slc(input_matrix1:rsc:REGISTER_FILE.data_out)#2.itm  
    loop2:slc(input_matrix1:rsc:REGISTER_FILE.data_out)#3.itm          16                            loop2:slc(input_matrix1:rsc:REGISTER_FILE.data_out)#3.itm  
    loop2:slc(input_matrix1:rsc:REGISTER_FILE.data_out)#4.itm          16                            loop2:slc(input_matrix1:rsc:REGISTER_FILE.data_out)#4.itm  
    loop2:slc(input_matrix1:rsc:REGISTER_FILE.data_out)#5.itm          16                            loop2:slc(input_matrix1:rsc:REGISTER_FILE.data_out)#5.itm  
    loop2:slc(input_matrix1:rsc:REGISTER_FILE.data_out)#6.itm          16                            loop2:slc(input_matrix1:rsc:REGISTER_FILE.data_out)#6.itm  
    loop2:slc(input_matrix1:rsc:REGISTER_FILE.data_out)#7.itm          16                            loop2:slc(input_matrix1:rsc:REGISTER_FILE.data_out)#7.itm  
    loop2:slc(input_matrix1:rsc:REGISTER_FILE.data_out)#8.itm          16                            loop2:slc(input_matrix1:rsc:REGISTER_FILE.data_out)#8.itm  
    loop2:slc(input_matrix1:rsc:REGISTER_FILE.data_out)#9.itm          16                            loop2:slc(input_matrix1:rsc:REGISTER_FILE.data_out)#9.itm  
    loop2:slc(input_matrix1:rsc:REGISTER_FILE.data_out).itm            16                            loop2:slc(input_matrix1:rsc:REGISTER_FILE.data_out).itm    
    loop2:slc(input_matrix2:rsc:REGISTER_FILE.data_out)#1.itm          16                            loop2:slc(input_matrix2:rsc:REGISTER_FILE.data_out)#1.itm  
    loop2:slc(input_matrix2:rsc:REGISTER_FILE.data_out)#10.itm         16                            loop2:slc(input_matrix2:rsc:REGISTER_FILE.data_out)#10.itm 
    loop2:slc(input_matrix2:rsc:REGISTER_FILE.data_out)#11.itm         16                            loop2:slc(input_matrix2:rsc:REGISTER_FILE.data_out)#11.itm 
    loop2:slc(input_matrix2:rsc:REGISTER_FILE.data_out)#2.itm          16                            loop2:slc(input_matrix2:rsc:REGISTER_FILE.data_out)#2.itm  
    loop2:slc(input_matrix2:rsc:REGISTER_FILE.data_out)#3.itm          16                            loop2:slc(input_matrix2:rsc:REGISTER_FILE.data_out)#3.itm  
    loop2:slc(input_matrix2:rsc:REGISTER_FILE.data_out)#4.itm          16                            loop2:slc(input_matrix2:rsc:REGISTER_FILE.data_out)#4.itm  
    loop2:slc(input_matrix2:rsc:REGISTER_FILE.data_out)#5.itm          16                            loop2:slc(input_matrix2:rsc:REGISTER_FILE.data_out)#5.itm  
    loop2:slc(input_matrix2:rsc:REGISTER_FILE.data_out)#6.itm          16                            loop2:slc(input_matrix2:rsc:REGISTER_FILE.data_out)#6.itm  
    loop2:slc(input_matrix2:rsc:REGISTER_FILE.data_out)#7.itm          16                            loop2:slc(input_matrix2:rsc:REGISTER_FILE.data_out)#7.itm  
    loop2:slc(input_matrix2:rsc:REGISTER_FILE.data_out)#8.itm          16                            loop2:slc(input_matrix2:rsc:REGISTER_FILE.data_out)#8.itm  
    loop2:slc(input_matrix2:rsc:REGISTER_FILE.data_out).itm            16                            loop2:slc(input_matrix2:rsc:REGISTER_FILE.data_out).itm    
    addr:rsc:mgc_out_stdreg.d                                           8                            addr:rsc:mgc_out_stdreg.d                                  
    loop1:i#1.sva                                                       4                            loop1:i#1.sva                                              
    loop2.reg                                                           4                            loop2:acc#28.cse.sva                                       
                                                                                                     loop2:j#1.sva                                              
    loop2:slc.itm                                                       1                            loop2:slc.itm                                              
                                                                                                                                                                
    Total:                                                            533              0           0 (Total Gating Ratio: 0.00, CG Opt Gating Ratio: 0.00)      
    
  Timing Report
    Critical Path
      Max Delay:  10.53534
      Slack:      89.46466
      
      Path                                                                               Startpoint                                                                       Endpoint                                          Delay   Slack   
      ---------------------------------------------------------------------------------- -------------------------------------------------------------------------------- ------------------------------------------------- ------- -------
      1                                                                                  matrix_mult/input_matrix1:rsc:REGISTER_FILE.data_out                             matrix_mult:core/reg(output:rsc:mgc_out_stdreg.d) 10.5353 89.4647 
                                                                                                                                                                                                                                            
        Instance                                                                         Component                                                                                                                          Delta   Delay   
        --------                                                                         ---------                                                                                                                          -----   -----   
        matrix_mult/input_matrix1:rsc:REGISTER_FILE.data_out                                                                                                                                                                1.0000  1.0000  
        matrix_mult:core/input_matrix1:rsc:REGISTER_FILE.data_out                                                                                                                                                           0.0000  1.0000  
        matrix_mult:core/loop2:slc(input_matrix1:rsc:REGISTER_FILE.data_out)#10                                                                                                                                             0.0000  1.0000  
        matrix_mult:core/loop2:slc(input_matrix1:rsc:REGISTER_FILE.data_out)#10.itm                                                                                                                                         0.0000  1.0000  
        matrix_mult:core/mux1h#14                                                        mgc_mux1hot_16_12_4                                                                                                                0.1224  1.1224  
        matrix_mult:core/mux1h#14.itm                                                                                                                                                                                       0.0000  1.1224  
        matrix_mult:core/loop2:mgc_sample-065nm-dw_beh_dc.mgc_mul(16,0,16,0,32,4)        mgc_mul_16_0_16_0_32_4                                                                                                             2.0824  3.2048  
        matrix_mult:core/z.out                                                                                                                                                                                              0.0000  3.2048  
        matrix_mult:core/loop2:mgc_sample-065nm-dw_beh_dc.mgc_add(32,0,32,0,32,4)        mgc_add_32_0_32_0_32_4                                                                                                             1.7920  4.9968  
        matrix_mult:core/z.out#1                                                                                                                                                                                            0.0000  4.9968  
        matrix_mult:core/mux#40                                                          mgc_mux_32_1_2_3                                                                                                                   0.0812  5.0781  
        matrix_mult:core/mux.itm#1                                                                                                                                                                                          0.0000  5.0781  
        matrix_mult:core/loop2:mgc_sample-065nm-dw_beh_dc.mgc_add(32,0,32,0,32,4)#1      mgc_add_32_0_32_0_32_4                                                                                                             1.7920  6.8701  
        matrix_mult:core/z.out#2                                                                                                                                                                                            0.0000  6.8701  
        matrix_mult:core/loop2:acc#91                                                    mgc_add_32_0_32_0_32_4                                                                                                             1.7920  8.6621  
        matrix_mult:core/loop2:acc#91.itm                                                                                                                                                                                   0.0000  8.6621  
        matrix_mult:core/loop2:acc#81                                                    mgc_add_32_0_32_0_32_4                                                                                                             1.7920  10.4541 
        matrix_mult:core/loop2:acc#81.itm                                                                                                                                                                                   0.0000  10.4541 
        matrix_mult:core/loop2:exs                                                                                                                                                                                          0.0000  10.4541 
        matrix_mult:core/loop2:exs.itm                                                                                                                                                                                      0.0000  10.4541 
        matrix_mult:core/mux                                                             mgc_mux_36_1_2_3                                                                                                                   0.0812  10.5353 
        matrix_mult:core/mux.itm                                                                                                                                                                                            0.0000  10.5353 
        matrix_mult:core/reg(output:rsc:mgc_out_stdreg.d)                                mgc_reg_pos_36_0_0_1_1_0_0_4                                                                                                       0.0000  10.5353 
                                                                                                                                                                                                                                            
      2                                                                                  matrix_mult/input_matrix2:rsc:REGISTER_FILE.data_out                             matrix_mult:core/reg(output:rsc:mgc_out_stdreg.d) 10.5353 89.4647 
                                                                                                                                                                                                                                            
        Instance                                                                         Component                                                                                                                          Delta   Delay   
        --------                                                                         ---------                                                                                                                          -----   -----   
        matrix_mult/input_matrix2:rsc:REGISTER_FILE.data_out                                                                                                                                                                1.0000  1.0000  
        matrix_mult:core/input_matrix2:rsc:REGISTER_FILE.data_out                                                                                                                                                           0.0000  1.0000  
        matrix_mult:core/loop2:slc(input_matrix2:rsc:REGISTER_FILE.data_out)#9                                                                                                                                              0.0000  1.0000  
        matrix_mult:core/loop2:slc(input_matrix2:rsc:REGISTER_FILE.data_out)#9.itm                                                                                                                                          0.0000  1.0000  
        matrix_mult:core/mux1h#10                                                        mgc_mux1hot_16_12_4                                                                                                                0.1224  1.1224  
        matrix_mult:core/mux1h#10.itm                                                                                                                                                                                       0.0000  1.1224  
        matrix_mult:core/loop2:mgc_sample-065nm-dw_beh_dc.mgc_mul(16,0,16,0,32,4)        mgc_mul_16_0_16_0_32_4                                                                                                             2.0824  3.2048  
        matrix_mult:core/z.out                                                                                                                                                                                              0.0000  3.2048  
        matrix_mult:core/loop2:mgc_sample-065nm-dw_beh_dc.mgc_add(32,0,32,0,32,4)        mgc_add_32_0_32_0_32_4                                                                                                             1.7920  4.9968  
        matrix_mult:core/z.out#1                                                                                                                                                                                            0.0000  4.9968  
        matrix_mult:core/mux#40                                                          mgc_mux_32_1_2_3                                                                                                                   0.0812  5.0781  
        matrix_mult:core/mux.itm#1                                                                                                                                                                                          0.0000  5.0781  
        matrix_mult:core/loop2:mgc_sample-065nm-dw_beh_dc.mgc_add(32,0,32,0,32,4)#1      mgc_add_32_0_32_0_32_4                                                                                                             1.7920  6.8701  
        matrix_mult:core/z.out#2                                                                                                                                                                                            0.0000  6.8701  
        matrix_mult:core/loop2:acc#91                                                    mgc_add_32_0_32_0_32_4                                                                                                             1.7920  8.6621  
        matrix_mult:core/loop2:acc#91.itm                                                                                                                                                                                   0.0000  8.6621  
        matrix_mult:core/loop2:acc#81                                                    mgc_add_32_0_32_0_32_4                                                                                                             1.7920  10.4541 
        matrix_mult:core/loop2:acc#81.itm                                                                                                                                                                                   0.0000  10.4541 
        matrix_mult:core/loop2:exs                                                                                                                                                                                          0.0000  10.4541 
        matrix_mult:core/loop2:exs.itm                                                                                                                                                                                      0.0000  10.4541 
        matrix_mult:core/mux                                                             mgc_mux_36_1_2_3                                                                                                                   0.0812  10.5353 
        matrix_mult:core/mux.itm                                                                                                                                                                                            0.0000  10.5353 
        matrix_mult:core/reg(output:rsc:mgc_out_stdreg.d)                                mgc_reg_pos_36_0_0_1_1_0_0_4                                                                                                       0.0000  10.5353 
                                                                                                                                                                                                                                            
      3                                                                                  matrix_mult:core/reg(loop2:slc(input_matrix1:rsc:REGISTER_FILE.data_out)#11.itm) matrix_mult:core/reg(output:rsc:mgc_out_stdreg.d) 9.7674  90.2326 
                                                                                                                                                                                                                                            
        Instance                                                                         Component                                                                                                                          Delta   Delay   
        --------                                                                         ---------                                                                                                                          -----   -----   
        matrix_mult:core/reg(loop2:slc(input_matrix1:rsc:REGISTER_FILE.data_out)#11.itm) mgc_reg_pos_16_0_0_1_1_0_0_4                                                                                                       0.2321  0.2321  
        matrix_mult:core/loop2:slc(input_matrix1:rsc:REGISTER_FILE.data_out)#11.itm                                                                                                                                         0.0000  0.2321  
        matrix_mult:core/mux1h#14                                                        mgc_mux1hot_16_12_4                                                                                                                0.1224  0.3545  
        matrix_mult:core/mux1h#14.itm                                                                                                                                                                                       0.0000  0.3545  
        matrix_mult:core/loop2:mgc_sample-065nm-dw_beh_dc.mgc_mul(16,0,16,0,32,4)        mgc_mul_16_0_16_0_32_4                                                                                                             2.0824  2.4369  
        matrix_mult:core/z.out                                                                                                                                                                                              0.0000  2.4369  
        matrix_mult:core/loop2:mgc_sample-065nm-dw_beh_dc.mgc_add(32,0,32,0,32,4)        mgc_add_32_0_32_0_32_4                                                                                                             1.7920  4.2289  
        matrix_mult:core/z.out#1                                                                                                                                                                                            0.0000  4.2289  
        matrix_mult:core/mux#40                                                          mgc_mux_32_1_2_3                                                                                                                   0.0812  4.3102  
        matrix_mult:core/mux.itm#1                                                                                                                                                                                          0.0000  4.3102  
        matrix_mult:core/loop2:mgc_sample-065nm-dw_beh_dc.mgc_add(32,0,32,0,32,4)#1      mgc_add_32_0_32_0_32_4                                                                                                             1.7920  6.1022  
        matrix_mult:core/z.out#2                                                                                                                                                                                            0.0000  6.1022  
        matrix_mult:core/loop2:acc#91                                                    mgc_add_32_0_32_0_32_4                                                                                                             1.7920  7.8942  
        matrix_mult:core/loop2:acc#91.itm                                                                                                                                                                                   0.0000  7.8942  
        matrix_mult:core/loop2:acc#81                                                    mgc_add_32_0_32_0_32_4                                                                                                             1.7920  9.6862  
        matrix_mult:core/loop2:acc#81.itm                                                                                                                                                                                   0.0000  9.6862  
        matrix_mult:core/loop2:exs                                                                                                                                                                                          0.0000  9.6862  
        matrix_mult:core/loop2:exs.itm                                                                                                                                                                                      0.0000  9.6862  
        matrix_mult:core/mux                                                             mgc_mux_36_1_2_3                                                                                                                   0.0812  9.7674  
        matrix_mult:core/mux.itm                                                                                                                                                                                            0.0000  9.7674  
        matrix_mult:core/reg(output:rsc:mgc_out_stdreg.d)                                mgc_reg_pos_36_0_0_1_1_0_0_4                                                                                                       0.0000  9.7674  
                                                                                                                                                                                                                                            
      4                                                                                  matrix_mult:core/reg(loop2:slc(input_matrix1:rsc:REGISTER_FILE.data_out)#9.itm)  matrix_mult:core/reg(output:rsc:mgc_out_stdreg.d) 9.7674  90.2326 
                                                                                                                                                                                                                                            
        Instance                                                                         Component                                                                                                                          Delta   Delay   
        --------                                                                         ---------                                                                                                                          -----   -----   
        matrix_mult:core/reg(loop2:slc(input_matrix1:rsc:REGISTER_FILE.data_out)#9.itm)  mgc_reg_pos_16_0_0_1_1_0_0_4                                                                                                       0.2321  0.2321  
        matrix_mult:core/loop2:slc(input_matrix1:rsc:REGISTER_FILE.data_out)#9.itm                                                                                                                                          0.0000  0.2321  
        matrix_mult:core/mux1h#14                                                        mgc_mux1hot_16_12_4                                                                                                                0.1224  0.3545  
        matrix_mult:core/mux1h#14.itm                                                                                                                                                                                       0.0000  0.3545  
        matrix_mult:core/loop2:mgc_sample-065nm-dw_beh_dc.mgc_mul(16,0,16,0,32,4)        mgc_mul_16_0_16_0_32_4                                                                                                             2.0824  2.4369  
        matrix_mult:core/z.out                                                                                                                                                                                              0.0000  2.4369  
        matrix_mult:core/loop2:mgc_sample-065nm-dw_beh_dc.mgc_add(32,0,32,0,32,4)        mgc_add_32_0_32_0_32_4                                                                                                             1.7920  4.2289  
        matrix_mult:core/z.out#1                                                                                                                                                                                            0.0000  4.2289  
        matrix_mult:core/mux#40                                                          mgc_mux_32_1_2_3                                                                                                                   0.0812  4.3102  
        matrix_mult:core/mux.itm#1                                                                                                                                                                                          0.0000  4.3102  
        matrix_mult:core/loop2:mgc_sample-065nm-dw_beh_dc.mgc_add(32,0,32,0,32,4)#1      mgc_add_32_0_32_0_32_4                                                                                                             1.7920  6.1022  
        matrix_mult:core/z.out#2                                                                                                                                                                                            0.0000  6.1022  
        matrix_mult:core/loop2:acc#91                                                    mgc_add_32_0_32_0_32_4                                                                                                             1.7920  7.8942  
        matrix_mult:core/loop2:acc#91.itm                                                                                                                                                                                   0.0000  7.8942  
        matrix_mult:core/loop2:acc#81                                                    mgc_add_32_0_32_0_32_4                                                                                                             1.7920  9.6862  
        matrix_mult:core/loop2:acc#81.itm                                                                                                                                                                                   0.0000  9.6862  
        matrix_mult:core/loop2:exs                                                                                                                                                                                          0.0000  9.6862  
        matrix_mult:core/loop2:exs.itm                                                                                                                                                                                      0.0000  9.6862  
        matrix_mult:core/mux                                                             mgc_mux_36_1_2_3                                                                                                                   0.0812  9.7674  
        matrix_mult:core/mux.itm                                                                                                                                                                                            0.0000  9.7674  
        matrix_mult:core/reg(output:rsc:mgc_out_stdreg.d)                                mgc_reg_pos_36_0_0_1_1_0_0_4                                                                                                       0.0000  9.7674  
                                                                                                                                                                                                                                            
      5                                                                                  matrix_mult:core/reg(loop2:slc(input_matrix1:rsc:REGISTER_FILE.data_out)#8.itm)  matrix_mult:core/reg(output:rsc:mgc_out_stdreg.d) 9.7674  90.2326 
                                                                                                                                                                                                                                            
        Instance                                                                         Component                                                                                                                          Delta   Delay   
        --------                                                                         ---------                                                                                                                          -----   -----   
        matrix_mult:core/reg(loop2:slc(input_matrix1:rsc:REGISTER_FILE.data_out)#8.itm)  mgc_reg_pos_16_0_0_1_1_0_0_4                                                                                                       0.2321  0.2321  
        matrix_mult:core/loop2:slc(input_matrix1:rsc:REGISTER_FILE.data_out)#8.itm                                                                                                                                          0.0000  0.2321  
        matrix_mult:core/mux1h#14                                                        mgc_mux1hot_16_12_4                                                                                                                0.1224  0.3545  
        matrix_mult:core/mux1h#14.itm                                                                                                                                                                                       0.0000  0.3545  
        matrix_mult:core/loop2:mgc_sample-065nm-dw_beh_dc.mgc_mul(16,0,16,0,32,4)        mgc_mul_16_0_16_0_32_4                                                                                                             2.0824  2.4369  
        matrix_mult:core/z.out                                                                                                                                                                                              0.0000  2.4369  
        matrix_mult:core/loop2:mgc_sample-065nm-dw_beh_dc.mgc_add(32,0,32,0,32,4)        mgc_add_32_0_32_0_32_4                                                                                                             1.7920  4.2289  
        matrix_mult:core/z.out#1                                                                                                                                                                                            0.0000  4.2289  
        matrix_mult:core/mux#40                                                          mgc_mux_32_1_2_3                                                                                                                   0.0812  4.3102  
        matrix_mult:core/mux.itm#1                                                                                                                                                                                          0.0000  4.3102  
        matrix_mult:core/loop2:mgc_sample-065nm-dw_beh_dc.mgc_add(32,0,32,0,32,4)#1      mgc_add_32_0_32_0_32_4                                                                                                             1.7920  6.1022  
        matrix_mult:core/z.out#2                                                                                                                                                                                            0.0000  6.1022  
        matrix_mult:core/loop2:acc#91                                                    mgc_add_32_0_32_0_32_4                                                                                                             1.7920  7.8942  
        matrix_mult:core/loop2:acc#91.itm                                                                                                                                                                                   0.0000  7.8942  
        matrix_mult:core/loop2:acc#81                                                    mgc_add_32_0_32_0_32_4                                                                                                             1.7920  9.6862  
        matrix_mult:core/loop2:acc#81.itm                                                                                                                                                                                   0.0000  9.6862  
        matrix_mult:core/loop2:exs                                                                                                                                                                                          0.0000  9.6862  
        matrix_mult:core/loop2:exs.itm                                                                                                                                                                                      0.0000  9.6862  
        matrix_mult:core/mux                                                             mgc_mux_36_1_2_3                                                                                                                   0.0812  9.7674  
        matrix_mult:core/mux.itm                                                                                                                                                                                            0.0000  9.7674  
        matrix_mult:core/reg(output:rsc:mgc_out_stdreg.d)                                mgc_reg_pos_36_0_0_1_1_0_0_4                                                                                                       0.0000  9.7674  
                                                                                                                                                                                                                                            
      6                                                                                  matrix_mult:core/reg(loop2:slc(input_matrix1:rsc:REGISTER_FILE.data_out)#6.itm)  matrix_mult:core/reg(output:rsc:mgc_out_stdreg.d) 9.7674  90.2326 
                                                                                                                                                                                                                                            
        Instance                                                                         Component                                                                                                                          Delta   Delay   
        --------                                                                         ---------                                                                                                                          -----   -----   
        matrix_mult:core/reg(loop2:slc(input_matrix1:rsc:REGISTER_FILE.data_out)#6.itm)  mgc_reg_pos_16_0_0_1_1_0_0_4                                                                                                       0.2321  0.2321  
        matrix_mult:core/loop2:slc(input_matrix1:rsc:REGISTER_FILE.data_out)#6.itm                                                                                                                                          0.0000  0.2321  
        matrix_mult:core/mux1h#14                                                        mgc_mux1hot_16_12_4                                                                                                                0.1224  0.3545  
        matrix_mult:core/mux1h#14.itm                                                                                                                                                                                       0.0000  0.3545  
        matrix_mult:core/loop2:mgc_sample-065nm-dw_beh_dc.mgc_mul(16,0,16,0,32,4)        mgc_mul_16_0_16_0_32_4                                                                                                             2.0824  2.4369  
        matrix_mult:core/z.out                                                                                                                                                                                              0.0000  2.4369  
        matrix_mult:core/loop2:mgc_sample-065nm-dw_beh_dc.mgc_add(32,0,32,0,32,4)        mgc_add_32_0_32_0_32_4                                                                                                             1.7920  4.2289  
        matrix_mult:core/z.out#1                                                                                                                                                                                            0.0000  4.2289  
        matrix_mult:core/mux#40                                                          mgc_mux_32_1_2_3                                                                                                                   0.0812  4.3102  
        matrix_mult:core/mux.itm#1                                                                                                                                                                                          0.0000  4.3102  
        matrix_mult:core/loop2:mgc_sample-065nm-dw_beh_dc.mgc_add(32,0,32,0,32,4)#1      mgc_add_32_0_32_0_32_4                                                                                                             1.7920  6.1022  
        matrix_mult:core/z.out#2                                                                                                                                                                                            0.0000  6.1022  
        matrix_mult:core/loop2:acc#91                                                    mgc_add_32_0_32_0_32_4                                                                                                             1.7920  7.8942  
        matrix_mult:core/loop2:acc#91.itm                                                                                                                                                                                   0.0000  7.8942  
        matrix_mult:core/loop2:acc#81                                                    mgc_add_32_0_32_0_32_4                                                                                                             1.7920  9.6862  
        matrix_mult:core/loop2:acc#81.itm                                                                                                                                                                                   0.0000  9.6862  
        matrix_mult:core/loop2:exs                                                                                                                                                                                          0.0000  9.6862  
        matrix_mult:core/loop2:exs.itm                                                                                                                                                                                      0.0000  9.6862  
        matrix_mult:core/mux                                                             mgc_mux_36_1_2_3                                                                                                                   0.0812  9.7674  
        matrix_mult:core/mux.itm                                                                                                                                                                                            0.0000  9.7674  
        matrix_mult:core/reg(output:rsc:mgc_out_stdreg.d)                                mgc_reg_pos_36_0_0_1_1_0_0_4                                                                                                       0.0000  9.7674  
                                                                                                                                                                                                                                            
      7                                                                                  matrix_mult:core/reg(loop2:slc(input_matrix1:rsc:REGISTER_FILE.data_out)#4.itm)  matrix_mult:core/reg(output:rsc:mgc_out_stdreg.d) 9.7674  90.2326 
                                                                                                                                                                                                                                            
        Instance                                                                         Component                                                                                                                          Delta   Delay   
        --------                                                                         ---------                                                                                                                          -----   -----   
        matrix_mult:core/reg(loop2:slc(input_matrix1:rsc:REGISTER_FILE.data_out)#4.itm)  mgc_reg_pos_16_0_0_1_1_0_0_4                                                                                                       0.2321  0.2321  
        matrix_mult:core/loop2:slc(input_matrix1:rsc:REGISTER_FILE.data_out)#4.itm                                                                                                                                          0.0000  0.2321  
        matrix_mult:core/mux1h#14                                                        mgc_mux1hot_16_12_4                                                                                                                0.1224  0.3545  
        matrix_mult:core/mux1h#14.itm                                                                                                                                                                                       0.0000  0.3545  
        matrix_mult:core/loop2:mgc_sample-065nm-dw_beh_dc.mgc_mul(16,0,16,0,32,4)        mgc_mul_16_0_16_0_32_4                                                                                                             2.0824  2.4369  
        matrix_mult:core/z.out                                                                                                                                                                                              0.0000  2.4369  
        matrix_mult:core/loop2:mgc_sample-065nm-dw_beh_dc.mgc_add(32,0,32,0,32,4)        mgc_add_32_0_32_0_32_4                                                                                                             1.7920  4.2289  
        matrix_mult:core/z.out#1                                                                                                                                                                                            0.0000  4.2289  
        matrix_mult:core/mux#40                                                          mgc_mux_32_1_2_3                                                                                                                   0.0812  4.3102  
        matrix_mult:core/mux.itm#1                                                                                                                                                                                          0.0000  4.3102  
        matrix_mult:core/loop2:mgc_sample-065nm-dw_beh_dc.mgc_add(32,0,32,0,32,4)#1      mgc_add_32_0_32_0_32_4                                                                                                             1.7920  6.1022  
        matrix_mult:core/z.out#2                                                                                                                                                                                            0.0000  6.1022  
        matrix_mult:core/loop2:acc#91                                                    mgc_add_32_0_32_0_32_4                                                                                                             1.7920  7.8942  
        matrix_mult:core/loop2:acc#91.itm                                                                                                                                                                                   0.0000  7.8942  
        matrix_mult:core/loop2:acc#81                                                    mgc_add_32_0_32_0_32_4                                                                                                             1.7920  9.6862  
        matrix_mult:core/loop2:acc#81.itm                                                                                                                                                                                   0.0000  9.6862  
        matrix_mult:core/loop2:exs                                                                                                                                                                                          0.0000  9.6862  
        matrix_mult:core/loop2:exs.itm                                                                                                                                                                                      0.0000  9.6862  
        matrix_mult:core/mux                                                             mgc_mux_36_1_2_3                                                                                                                   0.0812  9.7674  
        matrix_mult:core/mux.itm                                                                                                                                                                                            0.0000  9.7674  
        matrix_mult:core/reg(output:rsc:mgc_out_stdreg.d)                                mgc_reg_pos_36_0_0_1_1_0_0_4                                                                                                       0.0000  9.7674  
                                                                                                                                                                                                                                            
      8                                                                                  matrix_mult:core/reg(loop2:slc(input_matrix1:rsc:REGISTER_FILE.data_out)#7.itm)  matrix_mult:core/reg(output:rsc:mgc_out_stdreg.d) 9.7674  90.2326 
                                                                                                                                                                                                                                            
        Instance                                                                         Component                                                                                                                          Delta   Delay   
        --------                                                                         ---------                                                                                                                          -----   -----   
        matrix_mult:core/reg(loop2:slc(input_matrix1:rsc:REGISTER_FILE.data_out)#7.itm)  mgc_reg_pos_16_0_0_1_1_0_0_4                                                                                                       0.2321  0.2321  
        matrix_mult:core/loop2:slc(input_matrix1:rsc:REGISTER_FILE.data_out)#7.itm                                                                                                                                          0.0000  0.2321  
        matrix_mult:core/mux1h#14                                                        mgc_mux1hot_16_12_4                                                                                                                0.1224  0.3545  
        matrix_mult:core/mux1h#14.itm                                                                                                                                                                                       0.0000  0.3545  
        matrix_mult:core/loop2:mgc_sample-065nm-dw_beh_dc.mgc_mul(16,0,16,0,32,4)        mgc_mul_16_0_16_0_32_4                                                                                                             2.0824  2.4369  
        matrix_mult:core/z.out                                                                                                                                                                                              0.0000  2.4369  
        matrix_mult:core/loop2:mgc_sample-065nm-dw_beh_dc.mgc_add(32,0,32,0,32,4)        mgc_add_32_0_32_0_32_4                                                                                                             1.7920  4.2289  
        matrix_mult:core/z.out#1                                                                                                                                                                                            0.0000  4.2289  
        matrix_mult:core/mux#40                                                          mgc_mux_32_1_2_3                                                                                                                   0.0812  4.3102  
        matrix_mult:core/mux.itm#1                                                                                                                                                                                          0.0000  4.3102  
        matrix_mult:core/loop2:mgc_sample-065nm-dw_beh_dc.mgc_add(32,0,32,0,32,4)#1      mgc_add_32_0_32_0_32_4                                                                                                             1.7920  6.1022  
        matrix_mult:core/z.out#2                                                                                                                                                                                            0.0000  6.1022  
        matrix_mult:core/loop2:acc#91                                                    mgc_add_32_0_32_0_32_4                                                                                                             1.7920  7.8942  
        matrix_mult:core/loop2:acc#91.itm                                                                                                                                                                                   0.0000  7.8942  
        matrix_mult:core/loop2:acc#81                                                    mgc_add_32_0_32_0_32_4                                                                                                             1.7920  9.6862  
        matrix_mult:core/loop2:acc#81.itm                                                                                                                                                                                   0.0000  9.6862  
        matrix_mult:core/loop2:exs                                                                                                                                                                                          0.0000  9.6862  
        matrix_mult:core/loop2:exs.itm                                                                                                                                                                                      0.0000  9.6862  
        matrix_mult:core/mux                                                             mgc_mux_36_1_2_3                                                                                                                   0.0812  9.7674  
        matrix_mult:core/mux.itm                                                                                                                                                                                            0.0000  9.7674  
        matrix_mult:core/reg(output:rsc:mgc_out_stdreg.d)                                mgc_reg_pos_36_0_0_1_1_0_0_4                                                                                                       0.0000  9.7674  
                                                                                                                                                                                                                                            
      9                                                                                  matrix_mult:core/reg(loop2:slc(input_matrix1:rsc:REGISTER_FILE.data_out)#5.itm)  matrix_mult:core/reg(output:rsc:mgc_out_stdreg.d) 9.7674  90.2326 
                                                                                                                                                                                                                                            
        Instance                                                                         Component                                                                                                                          Delta   Delay   
        --------                                                                         ---------                                                                                                                          -----   -----   
        matrix_mult:core/reg(loop2:slc(input_matrix1:rsc:REGISTER_FILE.data_out)#5.itm)  mgc_reg_pos_16_0_0_1_1_0_0_4                                                                                                       0.2321  0.2321  
        matrix_mult:core/loop2:slc(input_matrix1:rsc:REGISTER_FILE.data_out)#5.itm                                                                                                                                          0.0000  0.2321  
        matrix_mult:core/mux1h#14                                                        mgc_mux1hot_16_12_4                                                                                                                0.1224  0.3545  
        matrix_mult:core/mux1h#14.itm                                                                                                                                                                                       0.0000  0.3545  
        matrix_mult:core/loop2:mgc_sample-065nm-dw_beh_dc.mgc_mul(16,0,16,0,32,4)        mgc_mul_16_0_16_0_32_4                                                                                                             2.0824  2.4369  
        matrix_mult:core/z.out                                                                                                                                                                                              0.0000  2.4369  
        matrix_mult:core/loop2:mgc_sample-065nm-dw_beh_dc.mgc_add(32,0,32,0,32,4)        mgc_add_32_0_32_0_32_4                                                                                                             1.7920  4.2289  
        matrix_mult:core/z.out#1                                                                                                                                                                                            0.0000  4.2289  
        matrix_mult:core/mux#40                                                          mgc_mux_32_1_2_3                                                                                                                   0.0812  4.3102  
        matrix_mult:core/mux.itm#1                                                                                                                                                                                          0.0000  4.3102  
        matrix_mult:core/loop2:mgc_sample-065nm-dw_beh_dc.mgc_add(32,0,32,0,32,4)#1      mgc_add_32_0_32_0_32_4                                                                                                             1.7920  6.1022  
        matrix_mult:core/z.out#2                                                                                                                                                                                            0.0000  6.1022  
        matrix_mult:core/loop2:acc#91                                                    mgc_add_32_0_32_0_32_4                                                                                                             1.7920  7.8942  
        matrix_mult:core/loop2:acc#91.itm                                                                                                                                                                                   0.0000  7.8942  
        matrix_mult:core/loop2:acc#81                                                    mgc_add_32_0_32_0_32_4                                                                                                             1.7920  9.6862  
        matrix_mult:core/loop2:acc#81.itm                                                                                                                                                                                   0.0000  9.6862  
        matrix_mult:core/loop2:exs                                                                                                                                                                                          0.0000  9.6862  
        matrix_mult:core/loop2:exs.itm                                                                                                                                                                                      0.0000  9.6862  
        matrix_mult:core/mux                                                             mgc_mux_36_1_2_3                                                                                                                   0.0812  9.7674  
        matrix_mult:core/mux.itm                                                                                                                                                                                            0.0000  9.7674  
        matrix_mult:core/reg(output:rsc:mgc_out_stdreg.d)                                mgc_reg_pos_36_0_0_1_1_0_0_4                                                                                                       0.0000  9.7674  
                                                                                                                                                                                                                                            
      10                                                                                 matrix_mult:core/reg(loop2:slc(input_matrix1:rsc:REGISTER_FILE.data_out)#2.itm)  matrix_mult:core/reg(output:rsc:mgc_out_stdreg.d) 9.7674  90.2326 
                                                                                                                                                                                                                                            
        Instance                                                                         Component                                                                                                                          Delta   Delay   
        --------                                                                         ---------                                                                                                                          -----   -----   
        matrix_mult:core/reg(loop2:slc(input_matrix1:rsc:REGISTER_FILE.data_out)#2.itm)  mgc_reg_pos_16_0_0_1_1_0_0_4                                                                                                       0.2321  0.2321  
        matrix_mult:core/loop2:slc(input_matrix1:rsc:REGISTER_FILE.data_out)#2.itm                                                                                                                                          0.0000  0.2321  
        matrix_mult:core/mux1h#14                                                        mgc_mux1hot_16_12_4                                                                                                                0.1224  0.3545  
        matrix_mult:core/mux1h#14.itm                                                                                                                                                                                       0.0000  0.3545  
        matrix_mult:core/loop2:mgc_sample-065nm-dw_beh_dc.mgc_mul(16,0,16,0,32,4)        mgc_mul_16_0_16_0_32_4                                                                                                             2.0824  2.4369  
        matrix_mult:core/z.out                                                                                                                                                                                              0.0000  2.4369  
        matrix_mult:core/loop2:mgc_sample-065nm-dw_beh_dc.mgc_add(32,0,32,0,32,4)        mgc_add_32_0_32_0_32_4                                                                                                             1.7920  4.2289  
        matrix_mult:core/z.out#1                                                                                                                                                                                            0.0000  4.2289  
        matrix_mult:core/mux#40                                                          mgc_mux_32_1_2_3                                                                                                                   0.0812  4.3102  
        matrix_mult:core/mux.itm#1                                                                                                                                                                                          0.0000  4.3102  
        matrix_mult:core/loop2:mgc_sample-065nm-dw_beh_dc.mgc_add(32,0,32,0,32,4)#1      mgc_add_32_0_32_0_32_4                                                                                                             1.7920  6.1022  
        matrix_mult:core/z.out#2                                                                                                                                                                                            0.0000  6.1022  
        matrix_mult:core/loop2:acc#91                                                    mgc_add_32_0_32_0_32_4                                                                                                             1.7920  7.8942  
        matrix_mult:core/loop2:acc#91.itm                                                                                                                                                                                   0.0000  7.8942  
        matrix_mult:core/loop2:acc#81                                                    mgc_add_32_0_32_0_32_4                                                                                                             1.7920  9.6862  
        matrix_mult:core/loop2:acc#81.itm                                                                                                                                                                                   0.0000  9.6862  
        matrix_mult:core/loop2:exs                                                                                                                                                                                          0.0000  9.6862  
        matrix_mult:core/loop2:exs.itm                                                                                                                                                                                      0.0000  9.6862  
        matrix_mult:core/mux                                                             mgc_mux_36_1_2_3                                                                                                                   0.0812  9.7674  
        matrix_mult:core/mux.itm                                                                                                                                                                                            0.0000  9.7674  
        matrix_mult:core/reg(output:rsc:mgc_out_stdreg.d)                                mgc_reg_pos_36_0_0_1_1_0_0_4                                                                                                       0.0000  9.7674  
                                                                                                                                                                                                                                            
      
    Register Input and Register-to-Output Slack
      Clock period or pin-to-reg delay constraint (clk): 100.0
      Clock uncertainty constraint (clk)               : 0.0
      
      Instance                                                                         Port                                                          Slack (Delay) Messages 
      -------------------------------------------------------------------------------- ----------------------------------------------------------- ------- ------- --------
      matrix_mult:core/reg(loop1:i#1.sva)                                              and.itm                                                     99.2461  0.7539          
      matrix_mult:core/reg(output:rsc:mgc_out_stdreg.d)                                mux.itm                                                     89.4647 10.5353          
      matrix_mult:core/reg(addr:rsc:mgc_out_stdreg.d)                                  mux#1.itm                                                   99.2155  0.7845          
      matrix_mult:core/reg(loop2.reg)                                                  and#70.itm                                                  99.5584  0.4416          
      matrix_mult:core/reg(loop2:slc.itm)                                              mux#5.itm                                                   99.4321  0.5679          
      matrix_mult:core/reg(loop2:slc(input_matrix2:rsc:REGISTER_FILE.data_out)#11.itm) mux#6.itm                                                   98.9188  1.0812          
      matrix_mult:core/reg(loop2:slc(input_matrix1:rsc:REGISTER_FILE.data_out)#11.itm) mux#7.itm                                                   98.9188  1.0812          
      matrix_mult:core/reg(loop2:slc(input_matrix2:rsc:REGISTER_FILE.data_out)#10.itm) mux#8.itm                                                   98.9188  1.0812          
      matrix_mult:core/reg(loop2:slc(input_matrix1:rsc:REGISTER_FILE.data_out).itm)    mux#9.itm                                                   98.9188  1.0812          
      matrix_mult:core/reg(loop2:slc(input_matrix2:rsc:REGISTER_FILE.data_out).itm)    mux#10.itm                                                  98.9188  1.0812          
      matrix_mult:core/reg(loop2:slc(input_matrix1:rsc:REGISTER_FILE.data_out)#1.itm)  mux#11.itm                                                  98.9188  1.0812          
      matrix_mult:core/reg(loop2:slc(input_matrix2:rsc:REGISTER_FILE.data_out)#1.itm)  mux#12.itm                                                  98.9188  1.0812          
      matrix_mult:core/reg(loop2:slc(input_matrix1:rsc:REGISTER_FILE.data_out)#2.itm)  mux#13.itm                                                  98.9188  1.0812          
      matrix_mult:core/reg(loop2:slc(input_matrix2:rsc:REGISTER_FILE.data_out)#2.itm)  mux#14.itm                                                  98.9188  1.0812          
      matrix_mult:core/reg(loop2:slc(input_matrix1:rsc:REGISTER_FILE.data_out)#3.itm)  mux#15.itm                                                  98.9188  1.0812          
      matrix_mult:core/reg(loop2:slc(input_matrix2:rsc:REGISTER_FILE.data_out)#3.itm)  mux#16.itm                                                  98.9188  1.0812          
      matrix_mult:core/reg(loop2:slc(input_matrix1:rsc:REGISTER_FILE.data_out)#4.itm)  mux#17.itm                                                  98.9188  1.0812          
      matrix_mult:core/reg(loop2:slc(input_matrix2:rsc:REGISTER_FILE.data_out)#4.itm)  mux#18.itm                                                  98.9188  1.0812          
      matrix_mult:core/reg(loop2:slc(input_matrix1:rsc:REGISTER_FILE.data_out)#5.itm)  mux#19.itm                                                  98.9188  1.0812          
      matrix_mult:core/reg(loop2:slc(input_matrix2:rsc:REGISTER_FILE.data_out)#5.itm)  mux#20.itm                                                  98.9188  1.0812          
      matrix_mult:core/reg(loop2:slc(input_matrix1:rsc:REGISTER_FILE.data_out)#6.itm)  mux#21.itm                                                  98.9188  1.0812          
      matrix_mult:core/reg(loop2:slc(input_matrix2:rsc:REGISTER_FILE.data_out)#6.itm)  mux#22.itm                                                  98.9188  1.0812          
      matrix_mult:core/reg(loop2:slc(input_matrix1:rsc:REGISTER_FILE.data_out)#7.itm)  mux#23.itm                                                  98.9188  1.0812          
      matrix_mult:core/reg(loop2:slc(input_matrix1:rsc:REGISTER_FILE.data_out)#8.itm)  mux#24.itm                                                  98.9188  1.0812          
      matrix_mult:core/reg(loop2:slc(input_matrix2:rsc:REGISTER_FILE.data_out)#7.itm)  mux#25.itm                                                  98.9188  1.0812          
      matrix_mult:core/reg(loop2:slc(input_matrix1:rsc:REGISTER_FILE.data_out)#9.itm)  loop2:slc(input_matrix1:rsc:REGISTER_FILE.data_out)#9.itm#2 99.0000  1.0000          
      matrix_mult:core/reg(loop2:slc(input_matrix2:rsc:REGISTER_FILE.data_out)#8.itm)  loop2:slc(input_matrix2:rsc:REGISTER_FILE.data_out)#8.itm#2 99.0000  1.0000          
      matrix_mult:core/reg(loop2.reg#1)                                                mux1h#4.itm                                                 93.0150  6.9850          
      matrix_mult:core/reg(loop2.reg#3)                                                mux1h#5.itm                                                 93.0170  6.9830          
      matrix_mult:core/reg(loop2.reg#2)                                                mux1h#6.itm                                                 93.0170  6.9830          
      matrix_mult:core/reg(loop2:mul#17.itm)                                           z.out                                                       89.4647 10.5353          
      matrix_mult                                                                      output:rsc.z                                                99.7679  0.2321          
      matrix_mult                                                                      addr:rsc.z                                                  99.7679  0.2321          
      matrix_mult                                                                      input_matrix1:rsc:REGISTER_FILE.data_in                     99.9800  0.0200          
      matrix_mult                                                                      input_matrix1:rsc:REGISTER_FILE.addr_rd                     99.3073  0.6927          
      matrix_mult                                                                      input_matrix1:rsc:REGISTER_FILE.addr_wr                     99.9800  0.0200          
      matrix_mult                                                                      input_matrix1:rsc:REGISTER_FILE.re                          99.9700  0.0300          
      matrix_mult                                                                      input_matrix1:rsc:REGISTER_FILE.we                          99.9800  0.0200          
      matrix_mult                                                                      input_matrix2:rsc:REGISTER_FILE.data_in                     99.9800  0.0200          
      matrix_mult                                                                      input_matrix2:rsc:REGISTER_FILE.addr_rd                     98.9062  1.0938          
      matrix_mult                                                                      input_matrix2:rsc:REGISTER_FILE.addr_wr                     99.9800  0.0200          
      matrix_mult                                                                      input_matrix2:rsc:REGISTER_FILE.re                          99.1194  0.8806          
      matrix_mult                                                                      input_matrix2:rsc:REGISTER_FILE.we                          99.9800  0.0200          
      
  Operator Bitwidth Summary
    Operation  Size (bits) Count 
    ---------- ----------- -----
    add                          
    -                   32     4 
    -                    8     1 
    -                    6     2 
    -                    5    10 
    -                    4     3 
    -                    3     1 
    -                    2     1 
    and                          
    -                    3    10 
    -                    2    14 
    mul                          
    -                   32     1 
    mux                          
    -                    1    29 
    mux1h                        
    -                   12     2 
    -                    4     1 
    -                    3     3 
    nand                         
    -                    2     1 
    nor                          
    -                   13     1 
    -                    3     2 
    -                    2     4 
    not                          
    -                    4     2 
    -                    1     8 
    or                           
    -                   11     1 
    -                    3     1 
    -                    2     9 
    reg                          
    -                   36     1 
    -                   32     4 
    -                   16    22 
    -                    8     1 
    -                    4     2 
    -                    1     1 
    write_port                   
    -                   36     1 
    -                    8     1 
    
  End of Report
