-- Catapult System Level Synthesis: Report                                              
-- -------------------------------- ---------------------------------------------------
-- Version:                         2011a.41 Production Release                         
-- Build Date:                      Thu Apr  7 20:28:55 PDT 2011                        
                                                                                        
-- Generated by:                    TA@TA-PC                                            
-- Generated date:                  Fri Mar 29 21:22:53 +0330 2024                      

Solution Settings: matrix_mult.v10
  Current state: extract
  Project: Catapult
  
  Design Input Files Specified
    $PROJECT_HOME/MATRIX_MULT.cpp
      $PROJECT_HOME/matrix_mult.h
        $MGC_HOME/shared/include/ac_int.h
    $PROJECT_HOME/MATRIX_MULT.h
      $MGC_HOME/shared/include/ac_int.h
  
  Processes/Blocks in Design
    Process           Real Operation(s) count Latency Throughput Reset Length II Comments 
    ----------------- ----------------------- ------- ---------- ------------ -- --------
    /matrix_mult/core                      15      23         26            0  0          
    Design Total:                          15      23         26            0  0          
    
  Bill Of Materials (Datapath)
    Component Name                               Area Score Delay Post Alloc Post Assign 
    -------------------------------------------- ---------- ----- ---------- -----------
    [Lib: mgc_ioport]                                                                    
    mgc_out_stdreg(3,36)                              0.000 0.000          1           1 
    mgc_out_stdreg(4,1)                               0.000 0.000          1           1 
    mgc_out_stdreg(5,8)                               0.000 0.000          1           1 
    [Lib: mgc_sample-065nm-dw_beh_dc]                                                    
    mgc_add(2,0,2,0,3,4)                             15.773 0.000          0           2 
    mgc_add(3,0,1,0,3,4)                             20.175 0.035          0           1 
    mgc_add(3,0,2,0,3,4)                             22.158 0.029          2           0 
    mgc_add(3,0,3,0,3,4)                             24.140 0.029          1           0 
    mgc_add(32,0,32,0,32,4)                         266.788 1.792          1           1 
    mgc_add(4,0,1,0,4,4)                             26.560 0.098          0           1 
    mgc_add(4,0,2,1,4,4)                             35.791 0.092          1           0 
    mgc_add(6,0,3,0,6,4)                             43.294 0.211          1           1 
    mgc_add(6,0,6,0,6,4)                             49.242 0.225          1           1 
    mgc_and(32,2,4)                                  76.800 0.030          0           1 
    mgc_and(4,2,4)                                    9.600 0.030          0           1 
    mgc_and(6,2,4)                                   14.400 0.030          0           1 
    mgc_and(8,2,4)                                   19.200 0.030          0           1 
    mgc_mul(16,0,16,0,32,4)                        2138.696 2.082          1           1 
    mgc_mux(32,1,2,3)                               127.903 0.081          0           1 
    mgc_mux(36,1,2,3)                               143.891 0.081          0           1 
    mgc_mux(4,1,2,3)                                 15.988 0.081          0           1 
    mgc_nor(1,2,1)                                    4.800 0.019          0           1 
    mgc_not(1,1)                                      2.800 0.010          0           5 
    mgc_not(4,1)                                     11.200 0.010          0           1 
    mgc_or(1,2,4)                                     2.400 0.028          0           1 
    mgc_reg_pos(1,0,0,1,1,0,0,4)                     21.183 0.232          0           1 
    mgc_reg_pos(32,0,0,1,1,0,0,4)                   677.862 0.232          0           1 
    mgc_reg_pos(36,0,0,1,1,0,0,4)                   762.595 0.232          0           1 
    mgc_reg_pos(4,0,0,1,1,0,0,4)                     84.733 0.232          0           1 
    [Lib: ram_sample-065nm-register-file_beh_dc]                                         
    REGISTER_FILE(1,120,16,7,0,1,0,0,0,1,1            0.000 0.010          1           0 
    REGISTER_FILE(1,120,16,7,0,1,0,0,0,2,1            0.000 0.010          1           0 
    REGISTER_FILE(1,120,16,7,0,1,0,0,0,3,1            0.000 0.010          1           0 
    REGISTER_FILE(1,120,16,7,0,1,0,0,0,4,1            0.000 0.010          1           0 
    REGISTER_FILE(1,120,16,7,0,1,0,0,1,1,1            0.000 0.010          1           0 
    REGISTER_FILE(1,120,16,7,0,1,0,0,1,2,1            0.000 0.010          1           0 
    REGISTER_FILE(1,120,16,7,0,1,0,0,1,3,1            0.000 0.010          1           0 
    REGISTER_FILE(1,120,16,7,0,1,0,0,1,4,1            0.000 0.010          1           0 
    REGISTER_FILE(1,120,16,7,0,1,0,1,0,1,1            0.000 0.010          1           0 
    REGISTER_FILE(1,120,16,7,0,1,0,1,0,2,1            0.000 0.010          1           0 
    REGISTER_FILE(1,120,16,7,0,1,0,1,0,3,1            0.000 0.010          1           0 
    REGISTER_FILE(1,120,16,7,0,1,0,1,0,4,1            0.000 0.010          1           0 
    REGISTER_FILE(1,120,16,7,0,1,0,1,1,1,1            0.000 0.010          1           0 
    REGISTER_FILE(1,120,16,7,0,1,0,1,1,2,1            0.000 0.010          1           0 
    REGISTER_FILE(1,120,16,7,0,1,0,1,1,3,1            0.000 0.010          1           0 
    REGISTER_FILE(1,120,16,7,0,1,0,1,1,4,1            0.000 0.010          1           0 
    REGISTER_FILE(2,156,16,8,0,1,0,0,0,1,1            0.000 0.010          1           0 
    REGISTER_FILE(2,156,16,8,0,1,0,0,0,2,1            0.000 0.010          1           0 
    REGISTER_FILE(2,156,16,8,0,1,0,0,0,3,1            0.000 0.010          1           0 
    REGISTER_FILE(2,156,16,8,0,1,0,0,0,4,1            0.000 0.010          1           0 
    REGISTER_FILE(2,156,16,8,0,1,0,0,1,1,1            0.000 0.010          1           0 
    REGISTER_FILE(2,156,16,8,0,1,0,0,1,2,1            0.000 0.010          1           0 
    REGISTER_FILE(2,156,16,8,0,1,0,0,1,3,1            0.000 0.010          1           0 
    REGISTER_FILE(2,156,16,8,0,1,0,0,1,4,1            0.000 0.010          1           0 
    REGISTER_FILE(2,156,16,8,0,1,0,1,0,1,1            0.000 0.010          1           0 
    REGISTER_FILE(2,156,16,8,0,1,0,1,0,2,1            0.000 0.010          1           0 
    REGISTER_FILE(2,156,16,8,0,1,0,1,0,3,1            0.000 0.010          1           0 
    REGISTER_FILE(2,156,16,8,0,1,0,1,0,4,1            0.000 0.010          1           0 
    REGISTER_FILE(2,156,16,8,0,1,0,1,1,1,1            0.000 0.010          1           0 
    REGISTER_FILE(2,156,16,8,0,1,0,1,1,2,1            0.000 0.010          1           0 
    REGISTER_FILE(2,156,16,8,0,1,0,1,1,3,1            0.000 0.010          1           0 
    REGISTER_FILE(2,156,16,8,0,1,0,1,1,4,1            0.000 0.010          1           0 
                                                                                         
    TOTAL AREA (After Assignment):                 4562.857                              
    
  Area Scores
                      Post-Scheduling   Post-DP & FSM Post-Assignment 
    ----------------- --------------- --------------- ---------------
    Total Area Score:   4148.6          4674.6          4604.9        
    Total Reg:          1546.4  (37%)   1584.4  (34%)   1584.4  (34%) 
                                                                      
    DataPath:           4148.6 (100%)   4632.6  (99%)   4562.9  (99%) 
      MUX:                 0.0           334.3   (7%)    287.8   (6%) 
      FUNC:             2602.3  (63%)   2602.3  (56%)   2576.3  (56%) 
      LOGIC:               0.0           149.6   (3%)    152.4   (3%) 
      BUFFER:              0.0             0.0             0.0        
      MEM:                 0.0             0.0             0.0        
      ROM:                 0.0             0.0             0.0        
      REG:              1546.4  (37%)   1546.4  (33%)   1546.4  (34%) 
                                                                      
    
    FSM:                   0.0            42.0   (1%)     42.0   (1%) 
      FSM-REG:             0.0            38.0  (90%)     38.0  (90%) 
      FSM-COMB:            0.0             4.0  (10%)      4.0  (10%) 
                                                                      
    
  Register-to-Variable Mappings
    Register                        Size(bits) Gated Register CG Opt Done Variables                                             
    ------------------------------- ---------- -------------- ----------- -----------------------------------------------------
    output:rsc:mgc_out_stdreg.d             36                            output:rsc:mgc_out_stdreg.d                           
    loop2:partial_out.sva                   32                            loop2:partial_out.sva                                 
    loop3:k#1.reg                            4                            loop3:k#1.sva                                         
                                                                          loop3:k#1.sva#1                                       
    loop1-10:loop2-13:loop3:slc.itm          1                            loop1-10:loop2-13:loop3:slc.itm                       
                                                                                                                                
    Total:                                  73              0           0 (Total Gating Ratio: 0.00, CG Opt Gating Ratio: 0.00) 
    
  Timing Report
    Critical Path
      Max Delay:  4.985577
      Slack:      95.014423
      
      Path                                                        Startpoint                                           Endpoint                                              Delay  Slack   
      ----------------------------------------------------------- ---------------------------------------------------- ----------------------------------------------------- ------ -------
      1                                                           matrix_mult/input_matrix1:rsc:REGISTER_FILE.data_out matrix_mult:core/reg(loop2:partial_out.sva)           4.9856 95.0144 
                                                                                                                                                                                            
        Instance                                                  Component                                                                                                  Delta  Delay   
        --------                                                  ---------                                                                                                  -----  -----   
        matrix_mult/input_matrix1:rsc:REGISTER_FILE.data_out                                                                                                                 1.0000 1.0000  
        matrix_mult:core/input_matrix1:rsc:REGISTER_FILE.data_out                                                                                                            0.0000 1.0000  
        matrix_mult:core/loop1-10:loop2-13:loop3:mul#2            mgc_mul_16_0_16_0_32_4                                                                                     2.0824 3.0824  
        matrix_mult:core/loop1-10:loop2-13:loop3:mul#2.itm                                                                                                                   0.0000 3.0824  
        matrix_mult:core/loop1-10:loop2-13:loop3:acc#5            mgc_add_32_0_32_0_32_4                                                                                     1.7920 4.8744  
        matrix_mult:core/loop2:partial_out.sva#1                                                                                                                             0.0000 4.8744  
        matrix_mult:core/mux#4                                    mgc_mux_32_1_2_3                                                                                           0.0812 4.9557  
        matrix_mult:core/mux#4.itm                                                                                                                                           0.0000 4.9557  
        matrix_mult:core/and                                      mgc_and_32_2_4                                                                                             0.0299 4.9856  
        matrix_mult:core/and.itm                                                                                                                                             0.0000 4.9856  
        matrix_mult:core/reg(loop2:partial_out.sva)               mgc_reg_pos_32_0_0_1_1_0_0_4                                                                               0.0000 4.9856  
                                                                                                                                                                                            
      2                                                           matrix_mult/input_matrix2:rsc:REGISTER_FILE.data_out matrix_mult:core/reg(loop2:partial_out.sva)           4.9856 95.0144 
                                                                                                                                                                                            
        Instance                                                  Component                                                                                                  Delta  Delay   
        --------                                                  ---------                                                                                                  -----  -----   
        matrix_mult/input_matrix2:rsc:REGISTER_FILE.data_out                                                                                                                 1.0000 1.0000  
        matrix_mult:core/input_matrix2:rsc:REGISTER_FILE.data_out                                                                                                            0.0000 1.0000  
        matrix_mult:core/loop1-10:loop2-13:loop3:mul#2            mgc_mul_16_0_16_0_32_4                                                                                     2.0824 3.0824  
        matrix_mult:core/loop1-10:loop2-13:loop3:mul#2.itm                                                                                                                   0.0000 3.0824  
        matrix_mult:core/loop1-10:loop2-13:loop3:acc#5            mgc_add_32_0_32_0_32_4                                                                                     1.7920 4.8744  
        matrix_mult:core/loop2:partial_out.sva#1                                                                                                                             0.0000 4.8744  
        matrix_mult:core/mux#4                                    mgc_mux_32_1_2_3                                                                                           0.0812 4.9557  
        matrix_mult:core/mux#4.itm                                                                                                                                           0.0000 4.9557  
        matrix_mult:core/and                                      mgc_and_32_2_4                                                                                             0.0299 4.9856  
        matrix_mult:core/and.itm                                                                                                                                             0.0000 4.9856  
        matrix_mult:core/reg(loop2:partial_out.sva)               mgc_reg_pos_32_0_0_1_1_0_0_4                                                                               0.0000 4.9856  
                                                                                                                                                                                            
      3                                                           matrix_mult/input_matrix1:rsc:REGISTER_FILE.data_out matrix_mult:core/reg(output:rsc:mgc_out_stdreg.d)     4.9557 95.0443 
                                                                                                                                                                                            
        Instance                                                  Component                                                                                                  Delta  Delay   
        --------                                                  ---------                                                                                                  -----  -----   
        matrix_mult/input_matrix1:rsc:REGISTER_FILE.data_out                                                                                                                 1.0000 1.0000  
        matrix_mult:core/input_matrix1:rsc:REGISTER_FILE.data_out                                                                                                            0.0000 1.0000  
        matrix_mult:core/loop1-10:loop2-13:loop3:mul#2            mgc_mul_16_0_16_0_32_4                                                                                     2.0824 3.0824  
        matrix_mult:core/loop1-10:loop2-13:loop3:mul#2.itm                                                                                                                   0.0000 3.0824  
        matrix_mult:core/loop1-10:loop2-13:loop3:acc#5            mgc_add_32_0_32_0_32_4                                                                                     1.7920 4.8744  
        matrix_mult:core/loop2:partial_out.sva#1                                                                                                                             0.0000 4.8744  
        matrix_mult:core/loop1-10:loop2-13:exs                                                                                                                               0.0000 4.8744  
        matrix_mult:core/loop1-10:loop2-13:exs.itm                                                                                                                           0.0000 4.8744  
        matrix_mult:core/mux                                      mgc_mux_36_1_2_3                                                                                           0.0812 4.9557  
        matrix_mult:core/mux.itm                                                                                                                                             0.0000 4.9557  
        matrix_mult:core/reg(output:rsc:mgc_out_stdreg.d)         mgc_reg_pos_36_0_0_1_1_0_0_4                                                                               0.0000 4.9557  
                                                                                                                                                                                            
      4                                                           matrix_mult/input_matrix2:rsc:REGISTER_FILE.data_out matrix_mult:core/reg(output:rsc:mgc_out_stdreg.d)     4.9557 95.0443 
                                                                                                                                                                                            
        Instance                                                  Component                                                                                                  Delta  Delay   
        --------                                                  ---------                                                                                                  -----  -----   
        matrix_mult/input_matrix2:rsc:REGISTER_FILE.data_out                                                                                                                 1.0000 1.0000  
        matrix_mult:core/input_matrix2:rsc:REGISTER_FILE.data_out                                                                                                            0.0000 1.0000  
        matrix_mult:core/loop1-10:loop2-13:loop3:mul#2            mgc_mul_16_0_16_0_32_4                                                                                     2.0824 3.0824  
        matrix_mult:core/loop1-10:loop2-13:loop3:mul#2.itm                                                                                                                   0.0000 3.0824  
        matrix_mult:core/loop1-10:loop2-13:loop3:acc#5            mgc_add_32_0_32_0_32_4                                                                                     1.7920 4.8744  
        matrix_mult:core/loop2:partial_out.sva#1                                                                                                                             0.0000 4.8744  
        matrix_mult:core/loop1-10:loop2-13:exs                                                                                                                               0.0000 4.8744  
        matrix_mult:core/loop1-10:loop2-13:exs.itm                                                                                                                           0.0000 4.8744  
        matrix_mult:core/mux                                      mgc_mux_36_1_2_3                                                                                           0.0812 4.9557  
        matrix_mult:core/mux.itm                                                                                                                                             0.0000 4.9557  
        matrix_mult:core/reg(output:rsc:mgc_out_stdreg.d)         mgc_reg_pos_36_0_0_1_1_0_0_4                                                                               0.0000 4.9557  
                                                                                                                                                                                            
      5                                                           matrix_mult:core/reg(loop2:partial_out.sva)          matrix_mult:core/reg(output:rsc:mgc_out_stdreg.d)     2.1054 97.8946 
                                                                                                                                                                                            
        Instance                                                  Component                                                                                                  Delta  Delay   
        --------                                                  ---------                                                                                                  -----  -----   
        matrix_mult:core/reg(loop2:partial_out.sva)               mgc_reg_pos_32_0_0_1_1_0_0_4                                                                               0.2321 0.2321  
        matrix_mult:core/loop2:partial_out.sva                                                                                                                               0.0000 0.2321  
        matrix_mult:core/loop1-10:loop2-13:loop3:acc#5            mgc_add_32_0_32_0_32_4                                                                                     1.7920 2.0241  
        matrix_mult:core/loop2:partial_out.sva#1                                                                                                                             0.0000 2.0241  
        matrix_mult:core/loop1-10:loop2-13:exs                                                                                                                               0.0000 2.0241  
        matrix_mult:core/loop1-10:loop2-13:exs.itm                                                                                                                           0.0000 2.0241  
        matrix_mult:core/mux                                      mgc_mux_36_1_2_3                                                                                           0.0812 2.1054  
        matrix_mult:core/mux.itm                                                                                                                                             0.0000 2.1054  
        matrix_mult:core/reg(output:rsc:mgc_out_stdreg.d)         mgc_reg_pos_36_0_0_1_1_0_0_4                                                                               0.0000 2.1054  
                                                                                                                                                                                            
      6                                                           matrix_mult:core/reg(loop3:k#1.reg)                  matrix_mult/input_matrix2:rsc:REGISTER_FILE.addr_rd   0.7076 99.2924 
                                                                                                                                                                                            
        Instance                                                  Component                                                                                                  Delta  Delay   
        --------                                                  ---------                                                                                                  -----  -----   
        matrix_mult:core/reg(loop3:k#1.reg)                       mgc_reg_pos_4_0_0_1_1_0_0_4                                                                                0.2321 0.2321  
        matrix_mult:core/loop3:k#1.reg                                                                                                                                       0.0000 0.2321  
        matrix_mult:core/conc#7                                                                                                                                              0.0000 0.2321  
        matrix_mult:core/conc#7.itm                                                                                                                                          0.0000 0.2321  
        matrix_mult:core/loop3:acc                                mgc_add_6_0_3_0_6_4                                                                                        0.2108 0.4430  
        matrix_mult:core/loop3:acc.itm                                                                                                                                       0.0000 0.4430  
        matrix_mult:core/loop1-10:loop3:acc#15                    mgc_add_6_0_6_0_6_4                                                                                        0.2247 0.6677  
        matrix_mult:core/loop1-10:loop3:acc#15.itm                                                                                                                           0.0000 0.6677  
        matrix_mult:core/loop1-10:loop2-13:loop3:conc#7                                                                                                                      0.0000 0.6677  
        matrix_mult:core/loop1-10:loop2-13:loop3:conc#7.itm                                                                                                                  0.0000 0.6677  
        matrix_mult:core/and#2                                    mgc_and_8_2_4                                                                                              0.0299 0.6976  
        matrix_mult:core/input_matrix2:rsc:REGISTER_FILE.addr_rd                                                                                                             0.0000 0.6976  
        matrix_mult/input_matrix2:rsc:REGISTER_FILE.addr_rd.reg                                                                                                              0.0000 0.6976  
        matrix_mult/asn(input_matrix2:rsc:REGISTER_FILE.addr_rd)                                                                                                             0.0000 0.6976  
        matrix_mult/input_matrix2:rsc:REGISTER_FILE.addr_rd                                                                                                                  0.0100 0.7076  
                                                                                                                                                                                            
      7                                                           matrix_mult:core/reg(loop3:k#1.reg)                  matrix_mult/input_matrix2:rsc:REGISTER_FILE.addr_rd   0.7076 99.2924 
                                                                                                                                                                                            
        Instance                                                  Component                                                                                                  Delta  Delay   
        --------                                                  ---------                                                                                                  -----  -----   
        matrix_mult:core/reg(loop3:k#1.reg)                       mgc_reg_pos_4_0_0_1_1_0_0_4                                                                                0.2321 0.2321  
        matrix_mult:core/loop3:k#1.reg                                                                                                                                       0.0000 0.2321  
        matrix_mult:core/slc(loop3:k#1.reg)#2                                                                                                                                0.0000 0.2321  
        matrix_mult:core/slc(loop3:k#1.reg)#2.itm                                                                                                                            0.0000 0.2321  
        matrix_mult:core/loop3:acc#17                             mgc_add_2_0_2_0_3_4                                                                                        0.0000 0.2321  
        matrix_mult:core/loop3:acc#17.itm                                                                                                                                    0.0000 0.2321  
        matrix_mult:core/loop3:acc                                mgc_add_6_0_3_0_6_4                                                                                        0.2108 0.4430  
        matrix_mult:core/loop3:acc.itm                                                                                                                                       0.0000 0.4430  
        matrix_mult:core/loop1-10:loop3:acc#15                    mgc_add_6_0_6_0_6_4                                                                                        0.2247 0.6677  
        matrix_mult:core/loop1-10:loop3:acc#15.itm                                                                                                                           0.0000 0.6677  
        matrix_mult:core/loop1-10:loop2-13:loop3:conc#7                                                                                                                      0.0000 0.6677  
        matrix_mult:core/loop1-10:loop2-13:loop3:conc#7.itm                                                                                                                  0.0000 0.6677  
        matrix_mult:core/and#2                                    mgc_and_8_2_4                                                                                              0.0299 0.6976  
        matrix_mult:core/input_matrix2:rsc:REGISTER_FILE.addr_rd                                                                                                             0.0000 0.6976  
        matrix_mult/input_matrix2:rsc:REGISTER_FILE.addr_rd.reg                                                                                                              0.0000 0.6976  
        matrix_mult/asn(input_matrix2:rsc:REGISTER_FILE.addr_rd)                                                                                                             0.0000 0.6976  
        matrix_mult/input_matrix2:rsc:REGISTER_FILE.addr_rd                                                                                                                  0.0100 0.7076  
                                                                                                                                                                                            
      8                                                           matrix_mult:core/reg(loop3:k#1.reg)                  matrix_mult/input_matrix2:rsc:REGISTER_FILE.addr_rd   0.5067 99.4933 
                                                                                                                                                                                            
        Instance                                                  Component                                                                                                  Delta  Delay   
        --------                                                  ---------                                                                                                  -----  -----   
        matrix_mult:core/reg(loop3:k#1.reg)                       mgc_reg_pos_4_0_0_1_1_0_0_4                                                                                0.2321 0.2321  
        matrix_mult:core/loop3:k#1.reg                                                                                                                                       0.0000 0.2321  
        matrix_mult:core/loop1-10:loop2-13:loop3:not#3            mgc_not_4_1                                                                                                0.0100 0.2421  
        matrix_mult:core/loop1-10:loop2-13:loop3:not#3.itm                                                                                                                   0.0000 0.2421  
        matrix_mult:core/conc#8                                                                                                                                              0.0000 0.2421  
        matrix_mult:core/conc#8.itm                                                                                                                                          0.0000 0.2421  
        matrix_mult:core/loop1-10:loop3:acc#15                    mgc_add_6_0_6_0_6_4                                                                                        0.2247 0.4668  
        matrix_mult:core/loop1-10:loop3:acc#15.itm                                                                                                                           0.0000 0.4668  
        matrix_mult:core/loop1-10:loop2-13:loop3:conc#7                                                                                                                      0.0000 0.4668  
        matrix_mult:core/loop1-10:loop2-13:loop3:conc#7.itm                                                                                                                  0.0000 0.4668  
        matrix_mult:core/and#2                                    mgc_and_8_2_4                                                                                              0.0299 0.4967  
        matrix_mult:core/input_matrix2:rsc:REGISTER_FILE.addr_rd                                                                                                             0.0000 0.4967  
        matrix_mult/input_matrix2:rsc:REGISTER_FILE.addr_rd.reg                                                                                                              0.0000 0.4967  
        matrix_mult/asn(input_matrix2:rsc:REGISTER_FILE.addr_rd)                                                                                                             0.0000 0.4967  
        matrix_mult/input_matrix2:rsc:REGISTER_FILE.addr_rd                                                                                                                  0.0100 0.5067  
                                                                                                                                                                                            
      9                                                           matrix_mult:core/reg(loop3:k#1.reg)                  matrix_mult:core/and#4.itm                            0.4416 99.5584 
                                                                                                                                                                                            
        Instance                                                  Component                                                                                                  Delta  Delay   
        --------                                                  ---------                                                                                                  -----  -----   
        matrix_mult:core/reg(loop3:k#1.reg)                       mgc_reg_pos_4_0_0_1_1_0_0_4                                                                                0.2321 0.2321  
        matrix_mult:core/loop3:k#1.reg                                                                                                                                       0.0000 0.2321  
        matrix_mult:core/loop1-10:loop2-13:loop3:acc#6            mgc_add_4_0_1_0_4_4                                                                                        0.0984 0.3305  
        matrix_mult:core/loop3:k#1.sva#1                                                                                                                                     0.0000 0.3305  
        matrix_mult:core/mux#5                                    mgc_mux_4_1_2_3                                                                                            0.0812 0.4117  
        matrix_mult:core/mux#5.itm                                                                                                                                           0.0000 0.4117  
        matrix_mult:core/and#4                                    mgc_and_4_2_4                                                                                              0.0299 0.4416  
        matrix_mult:core/and#4.itm                                                                                                                                           0.0000 0.4416  
                                                                                                                                                                                            
      10                                                          matrix_mult:core/reg(loop3:k#1.reg)                  matrix_mult:core/reg(loop1-10:loop2-13:loop3:slc.itm) 0.3653 99.6347 
                                                                                                                                                                                            
        Instance                                                  Component                                                                                                  Delta  Delay   
        --------                                                  ---------                                                                                                  -----  -----   
        matrix_mult:core/reg(loop3:k#1.reg)                       mgc_reg_pos_4_0_0_1_1_0_0_4                                                                                0.2321 0.2321  
        matrix_mult:core/loop3:k#1.reg                                                                                                                                       0.0000 0.2321  
        matrix_mult:core/loop1-10:loop2-13:loop3:acc#6            mgc_add_4_0_1_0_4_4                                                                                        0.0984 0.3305  
        matrix_mult:core/loop3:k#1.sva#1                                                                                                                                     0.0000 0.3305  
        matrix_mult:core/slc(loop3:k#1.sva#2)                                                                                                                                0.0000 0.3305  
        matrix_mult:core/slc(loop3:k#1.sva#2).itm                                                                                                                            0.0000 0.3305  
        matrix_mult:core/conc                                                                                                                                                0.0000 0.3305  
        matrix_mult:core/conc.itm                                                                                                                                            0.0000 0.3305  
        matrix_mult:core/loop1-10:loop2-13:loop3:acc              mgc_add_3_0_1_0_3_4                                                                                        0.0348 0.3653  
        matrix_mult:core/loop1-10:loop2-13:loop3:acc.itm                                                                                                                     0.0000 0.3653  
        matrix_mult:core/loop1-10:loop2-13:loop3:slc                                                                                                                         0.0000 0.3653  
        matrix_mult:core/loop1-10:loop2-13:loop3:slc.itm#1                                                                                                                   0.0000 0.3653  
        matrix_mult:core/reg(loop1-10:loop2-13:loop3:slc.itm)     mgc_reg_pos_1_0_0_1_1_0_0_4                                                                                0.0000 0.3653  
                                                                                                                                                                                            
      
    Register Input and Register-to-Output Slack
      Clock period or pin-to-reg delay constraint (clk): 100.0
      Clock uncertainty constraint (clk)               : 0.0
      
      Instance                                              Port                                       Slack (Delay) Messages 
      ----------------------------------------------------- --------------------------------------- -------- ------- --------
      matrix_mult:core/reg(loop2:partial_out.sva)           and.itm                                  95.0144  4.9856          
      matrix_mult:core/reg(output:rsc:mgc_out_stdreg.d)     mux.itm                                  95.0443  4.9557          
      matrix_mult:core/reg(loop3:k#1.reg)                   and#4.itm                                99.5584  0.4416          
      matrix_mult:core/reg(loop1-10:loop2-13:loop3:slc.itm) loop1-10:loop2-13:loop3:slc.itm#1        99.6347  0.3653          
      matrix_mult                                           output:rsc.z                             99.7679  0.2321          
      matrix_mult                                           output_valid:rsc.z                      100.0000  0.0000          
      matrix_mult                                           addr:rsc.z                              100.0000  0.0000          
      matrix_mult                                           input_matrix1:rsc:REGISTER_FILE.data_in  99.9800  0.0200          
      matrix_mult                                           input_matrix1:rsc:REGISTER_FILE.addr_rd  99.7180  0.2820          
      matrix_mult                                           input_matrix1:rsc:REGISTER_FILE.addr_wr  99.9800  0.0200          
      matrix_mult                                           input_matrix1:rsc:REGISTER_FILE.re       99.9700  0.0300          
      matrix_mult                                           input_matrix1:rsc:REGISTER_FILE.we       99.9800  0.0200          
      matrix_mult                                           input_matrix2:rsc:REGISTER_FILE.data_in  99.9800  0.0200          
      matrix_mult                                           input_matrix2:rsc:REGISTER_FILE.addr_rd  99.2824  0.7176          
      matrix_mult                                           input_matrix2:rsc:REGISTER_FILE.addr_wr  99.9800  0.0200          
      matrix_mult                                           input_matrix2:rsc:REGISTER_FILE.re       99.9700  0.0300          
      matrix_mult                                           input_matrix2:rsc:REGISTER_FILE.we       99.9800  0.0200          
      
  Operator Bitwidth Summary
    Operation  Size (bits) Count 
    ---------- ----------- -----
    add                          
    -                   32     1 
    -                    6     2 
    -                    4     1 
    -                    3     3 
    and                          
    -                    2     4 
    mul                          
    -                   32     1 
    mux                          
    -                    1     3 
    nor                          
    -                    2     1 
    not                          
    -                    4     1 
    -                    1     5 
    or                           
    -                    2     1 
    reg                          
    -                   36     1 
    -                   32     1 
    -                    4     1 
    -                    1     1 
    write_port                   
    -                   36     1 
    -                    8     1 
    -                    1     1 
    
  End of Report
