-- Catapult System Level Synthesis: Report                                              
-- -------------------------------- ---------------------------------------------------
-- Version:                         2011a.41 Production Release                         
-- Build Date:                      Thu Apr  7 20:28:55 PDT 2011                        
                                                                                        
-- Generated by:                    TA@TA-PC                                            
-- Generated date:                  Fri Mar 29 21:18:37 +0330 2024                      

Solution Settings: matrix_mult.v8
  Current state: extract
  Project: Catapult
  
  Design Input Files Specified
    $PROJECT_HOME/MATRIX_MULT.cpp
      $PROJECT_HOME/matrix_mult.h
        $MGC_HOME/shared/include/ac_int.h
    $PROJECT_HOME/MATRIX_MULT.h
      $MGC_HOME/shared/include/ac_int.h
  
  Processes/Blocks in Design
    Process           Real Operation(s) count Latency Throughput Reset Length II Comments 
    ----------------- ----------------------- ------- ---------- ------------ -- --------
    /matrix_mult/core                      19     336        339            0  0          
    Design Total:                          19     336        339            0  0          
    
  Bill Of Materials (Datapath)
    Component Name                               Area Score Delay Post Alloc Post Assign 
    -------------------------------------------- ---------- ----- ---------- -----------
    [Lib: mgc_ioport]                                                                    
    mgc_out_stdreg(3,36)                              0.000 0.000          1           1 
    mgc_out_stdreg(4,1)                               0.000 0.000          1           1 
    mgc_out_stdreg(5,8)                               0.000 0.000          1           1 
    [Lib: mgc_sample-065nm-dw_beh_dc]                                                    
    mgc_add(2,0,2,0,3,4)                             15.773 0.000          0           1 
    mgc_add(3,0,2,0,3,4)                             22.158 0.029          1           0 
    mgc_add(3,0,3,0,3,4)                             24.140 0.029          1           0 
    mgc_add(32,0,32,0,32,4)                         266.788 1.792          1           1 
    mgc_add(4,0,1,0,4,4)                             26.560 0.098          0           1 
    mgc_add(4,0,2,1,4,4)                             35.791 0.092          1           0 
    mgc_add(4,0,4,0,5,4)                             32.507 0.096          1           1 
    mgc_add(5,0,4,0,5,4)                             38.892 0.156          1           2 
    mgc_add(6,0,5,1,6,4)                             52.432 0.219          0           1 
    mgc_add(7,0,4,0,8,4)                             51.661 0.271          0           1 
    mgc_add(8,0,4,0,8,4)                             58.046 0.326          1           0 
    mgc_add(8,0,5,0,8,4)                             60.028 0.331          1           0 
    mgc_add(8,0,8,0,8,4)                             65.976 0.350          1           0 
    mgc_and(32,2,4)                                  76.800 0.030          0           1 
    mgc_and(4,2,4)                                    9.600 0.030          0           2 
    mgc_and(6,2,4)                                   14.400 0.030          0           1 
    mgc_and(8,2,4)                                   19.200 0.030          0           1 
    mgc_mul(16,0,16,0,32,4)                        2138.696 2.082          1           1 
    mgc_mux(32,1,2,3)                               127.903 0.081          0           1 
    mgc_mux(36,1,2,3)                               143.891 0.081          0           1 
    mgc_mux(4,1,2,3)                                 15.988 0.081          0           4 
    mgc_mux(8,1,2,3)                                 31.976 0.081          0           1 
    mgc_nor(1,3,4)                                    4.800 0.046          0           1 
    mgc_not(1,1)                                      2.800 0.010          0           9 
    mgc_not(4,1)                                     11.200 0.010          0           1 
    mgc_or(1,2,4)                                     2.400 0.028          0           2 
    mgc_or(1,3,4)                                     3.400 0.048          0           1 
    mgc_or(2,2,4)                                     4.800 0.028          0           1 
    mgc_reg_pos(1,0,0,1,1,0,0,4)                     21.183 0.232          0           2 
    mgc_reg_pos(32,0,0,1,1,0,0,4)                   677.862 0.232          0           1 
    mgc_reg_pos(36,0,0,1,1,0,0,4)                   762.595 0.232          0           1 
    mgc_reg_pos(4,0,0,1,1,0,0,4)                     84.733 0.232          0           2 
    mgc_reg_pos(8,0,0,1,1,0,0,4)                    169.466 0.232          0           1 
    [Lib: ram_sample-065nm-register-file_beh_dc]                                         
    REGISTER_FILE(1,120,16,7,0,1,0,0,0,1,1            0.000 0.010          1           0 
    REGISTER_FILE(1,120,16,7,0,1,0,0,0,2,1            0.000 0.010          1           0 
    REGISTER_FILE(1,120,16,7,0,1,0,0,0,3,1            0.000 0.010          1           0 
    REGISTER_FILE(1,120,16,7,0,1,0,0,0,4,1            0.000 0.010          1           0 
    REGISTER_FILE(1,120,16,7,0,1,0,0,1,1,1            0.000 0.010          1           0 
    REGISTER_FILE(1,120,16,7,0,1,0,0,1,2,1            0.000 0.010          1           0 
    REGISTER_FILE(1,120,16,7,0,1,0,0,1,3,1            0.000 0.010          1           0 
    REGISTER_FILE(1,120,16,7,0,1,0,0,1,4,1            0.000 0.010          1           0 
    REGISTER_FILE(1,120,16,7,0,1,0,1,0,1,1            0.000 0.010          1           0 
    REGISTER_FILE(1,120,16,7,0,1,0,1,0,2,1            0.000 0.010          1           0 
    REGISTER_FILE(1,120,16,7,0,1,0,1,0,3,1            0.000 0.010          1           0 
    REGISTER_FILE(1,120,16,7,0,1,0,1,0,4,1            0.000 0.010          1           0 
    REGISTER_FILE(1,120,16,7,0,1,0,1,1,1,1            0.000 0.010          1           0 
    REGISTER_FILE(1,120,16,7,0,1,0,1,1,2,1            0.000 0.010          1           0 
    REGISTER_FILE(1,120,16,7,0,1,0,1,1,3,1            0.000 0.010          1           0 
    REGISTER_FILE(1,120,16,7,0,1,0,1,1,4,1            0.000 0.010          1           0 
    REGISTER_FILE(2,156,16,8,0,1,0,0,0,1,1            0.000 0.010          1           0 
    REGISTER_FILE(2,156,16,8,0,1,0,0,0,2,1            0.000 0.010          1           0 
    REGISTER_FILE(2,156,16,8,0,1,0,0,0,3,1            0.000 0.010          1           0 
    REGISTER_FILE(2,156,16,8,0,1,0,0,0,4,1            0.000 0.010          1           0 
    REGISTER_FILE(2,156,16,8,0,1,0,0,1,1,1            0.000 0.010          1           0 
    REGISTER_FILE(2,156,16,8,0,1,0,0,1,2,1            0.000 0.010          1           0 
    REGISTER_FILE(2,156,16,8,0,1,0,0,1,3,1            0.000 0.010          1           0 
    REGISTER_FILE(2,156,16,8,0,1,0,0,1,4,1            0.000 0.010          1           0 
    REGISTER_FILE(2,156,16,8,0,1,0,1,0,1,1            0.000 0.010          1           0 
    REGISTER_FILE(2,156,16,8,0,1,0,1,0,2,1            0.000 0.010          1           0 
    REGISTER_FILE(2,156,16,8,0,1,0,1,0,3,1            0.000 0.010          1           0 
    REGISTER_FILE(2,156,16,8,0,1,0,1,0,4,1            0.000 0.010          1           0 
    REGISTER_FILE(2,156,16,8,0,1,0,1,1,1,1            0.000 0.010          1           0 
    REGISTER_FILE(2,156,16,8,0,1,0,1,1,2,1            0.000 0.010          1           0 
    REGISTER_FILE(2,156,16,8,0,1,0,1,1,3,1            0.000 0.010          1           0 
    REGISTER_FILE(2,156,16,8,0,1,0,1,1,4,1            0.000 0.010          1           0 
                                                                                         
    TOTAL AREA (After Assignment):                 5035.479                              
    
  Area Scores
                      Post-Scheduling   Post-DP & FSM Post-Assignment 
    ----------------- --------------- --------------- ---------------
    Total Area Score:   4543.6          5203.1          5088.5        
    Total Reg:          1800.6  (40%)   1869.8  (36%)   1869.8  (37%) 
                                                                      
    DataPath:           4543.6 (100%)   5150.1  (99%)   5035.5  (99%) 
      MUX:                 0.0           502.6  (10%)    367.7   (7%) 
      FUNC:             2743.0  (60%)   2744.1  (53%)   2662.2  (53%) 
      LOGIC:               0.0            81.6   (2%)    183.8   (4%) 
      BUFFER:              0.0             0.0             0.0        
      MEM:                 0.0             0.0             0.0        
      ROM:                 0.0             0.0             0.0        
      REG:              1800.6  (40%)   1821.8  (35%)   1821.8  (36%) 
                                                                      
    
    FSM:                   0.0            53.0   (1%)     53.0   (1%) 
      FSM-REG:             0.0            48.0  (91%)     48.0  (91%) 
      FSM-COMB:            0.0             5.0   (9%)      5.0   (9%) 
                                                                      
    
  Register-to-Variable Mappings
    Register                    Size(bits) Gated Register CG Opt Done Variables                                             
    --------------------------- ---------- -------------- ----------- -----------------------------------------------------
    output:rsc:mgc_out_stdreg.d         36                            output:rsc:mgc_out_stdreg.d                           
    loop2:partial_out.sva               32                            loop2:partial_out.sva                                 
    addr:rsc:mgc_out_stdreg.d            8                            addr:rsc:mgc_out_stdreg.d                             
    loop2:j#1.reg                        4                            loop2:j#1.sva                                         
                                                                      loop2:j#1.sva#1                                       
    loop3:k#1.reg                        4                            loop3:k#1.sva                                         
                                                                      loop3:k#1.sva#1                                       
    loop1-10:loop2:slc.itm               1                            loop1-10:loop2:slc.itm                                
    loop1-10:loop3:slc.itm               1                            loop1-10:loop3:slc.itm                                
                                                                                                                            
    Total:                              86              0           0 (Total Gating Ratio: 0.00, CG Opt Gating Ratio: 0.00) 
    
  Timing Report
    Critical Path
      Max Delay:  4.985577
      Slack:      95.014423
      
      Path                                                                        Startpoint                                           Endpoint                                            Delay  Slack   
      --------------------------------------------------------------------------- ---------------------------------------------------- --------------------------------------------------- ------ -------
      1                                                                           matrix_mult/input_matrix1:rsc:REGISTER_FILE.data_out matrix_mult:core/reg(loop2:partial_out.sva)         4.9856 95.0144 
                                                                                                                                                                                                          
        Instance                                                                  Component                                                                                                Delta  Delay   
        --------                                                                  ---------                                                                                                -----  -----   
        matrix_mult/input_matrix1:rsc:REGISTER_FILE.data_out                                                                                                                               1.0000 1.0000  
        matrix_mult:core/input_matrix1:rsc:REGISTER_FILE.data_out                                                                                                                          0.0000 1.0000  
        matrix_mult:core/loop1-10:loop3:mul#2                                     mgc_mul_16_0_16_0_32_4                                                                                   2.0824 3.0824  
        matrix_mult:core/loop1-10:loop3:mul#2.itm                                                                                                                                          0.0000 3.0824  
        matrix_mult:core/loop1-10:loop3:acc#5                                     mgc_add_32_0_32_0_32_4                                                                                   1.7920 4.8744  
        matrix_mult:core/loop2:partial_out.sva#1                                                                                                                                           0.0000 4.8744  
        matrix_mult:core/mux#9                                                    mgc_mux_32_1_2_3                                                                                         0.0812 4.9557  
        matrix_mult:core/mux#9.itm                                                                                                                                                         0.0000 4.9557  
        matrix_mult:core/and#5                                                    mgc_and_32_2_4                                                                                           0.0299 4.9856  
        matrix_mult:core/and#5.itm                                                                                                                                                         0.0000 4.9856  
        matrix_mult:core/reg(loop2:partial_out.sva)                               mgc_reg_pos_32_0_0_1_1_0_0_4                                                                             0.0000 4.9856  
                                                                                                                                                                                                          
      2                                                                           matrix_mult/input_matrix2:rsc:REGISTER_FILE.data_out matrix_mult:core/reg(loop2:partial_out.sva)         4.9856 95.0144 
                                                                                                                                                                                                          
        Instance                                                                  Component                                                                                                Delta  Delay   
        --------                                                                  ---------                                                                                                -----  -----   
        matrix_mult/input_matrix2:rsc:REGISTER_FILE.data_out                                                                                                                               1.0000 1.0000  
        matrix_mult:core/input_matrix2:rsc:REGISTER_FILE.data_out                                                                                                                          0.0000 1.0000  
        matrix_mult:core/loop1-10:loop3:mul#2                                     mgc_mul_16_0_16_0_32_4                                                                                   2.0824 3.0824  
        matrix_mult:core/loop1-10:loop3:mul#2.itm                                                                                                                                          0.0000 3.0824  
        matrix_mult:core/loop1-10:loop3:acc#5                                     mgc_add_32_0_32_0_32_4                                                                                   1.7920 4.8744  
        matrix_mult:core/loop2:partial_out.sva#1                                                                                                                                           0.0000 4.8744  
        matrix_mult:core/mux#9                                                    mgc_mux_32_1_2_3                                                                                         0.0812 4.9557  
        matrix_mult:core/mux#9.itm                                                                                                                                                         0.0000 4.9557  
        matrix_mult:core/and#5                                                    mgc_and_32_2_4                                                                                           0.0299 4.9856  
        matrix_mult:core/and#5.itm                                                                                                                                                         0.0000 4.9856  
        matrix_mult:core/reg(loop2:partial_out.sva)                               mgc_reg_pos_32_0_0_1_1_0_0_4                                                                             0.0000 4.9856  
                                                                                                                                                                                                          
      3                                                                           matrix_mult/input_matrix1:rsc:REGISTER_FILE.data_out matrix_mult:core/reg(output:rsc:mgc_out_stdreg.d)   4.9557 95.0443 
                                                                                                                                                                                                          
        Instance                                                                  Component                                                                                                Delta  Delay   
        --------                                                                  ---------                                                                                                -----  -----   
        matrix_mult/input_matrix1:rsc:REGISTER_FILE.data_out                                                                                                                               1.0000 1.0000  
        matrix_mult:core/input_matrix1:rsc:REGISTER_FILE.data_out                                                                                                                          0.0000 1.0000  
        matrix_mult:core/loop1-10:loop3:mul#2                                     mgc_mul_16_0_16_0_32_4                                                                                   2.0824 3.0824  
        matrix_mult:core/loop1-10:loop3:mul#2.itm                                                                                                                                          0.0000 3.0824  
        matrix_mult:core/loop1-10:loop3:acc#5                                     mgc_add_32_0_32_0_32_4                                                                                   1.7920 4.8744  
        matrix_mult:core/loop2:partial_out.sva#1                                                                                                                                           0.0000 4.8744  
        matrix_mult:core/loop1-10:loop2:exs                                                                                                                                                0.0000 4.8744  
        matrix_mult:core/loop1-10:loop2:exs.itm                                                                                                                                            0.0000 4.8744  
        matrix_mult:core/mux#1                                                    mgc_mux_36_1_2_3                                                                                         0.0812 4.9557  
        matrix_mult:core/mux#1.itm                                                                                                                                                         0.0000 4.9557  
        matrix_mult:core/reg(output:rsc:mgc_out_stdreg.d)                         mgc_reg_pos_36_0_0_1_1_0_0_4                                                                             0.0000 4.9557  
                                                                                                                                                                                                          
      4                                                                           matrix_mult/input_matrix2:rsc:REGISTER_FILE.data_out matrix_mult:core/reg(output:rsc:mgc_out_stdreg.d)   4.9557 95.0443 
                                                                                                                                                                                                          
        Instance                                                                  Component                                                                                                Delta  Delay   
        --------                                                                  ---------                                                                                                -----  -----   
        matrix_mult/input_matrix2:rsc:REGISTER_FILE.data_out                                                                                                                               1.0000 1.0000  
        matrix_mult:core/input_matrix2:rsc:REGISTER_FILE.data_out                                                                                                                          0.0000 1.0000  
        matrix_mult:core/loop1-10:loop3:mul#2                                     mgc_mul_16_0_16_0_32_4                                                                                   2.0824 3.0824  
        matrix_mult:core/loop1-10:loop3:mul#2.itm                                                                                                                                          0.0000 3.0824  
        matrix_mult:core/loop1-10:loop3:acc#5                                     mgc_add_32_0_32_0_32_4                                                                                   1.7920 4.8744  
        matrix_mult:core/loop2:partial_out.sva#1                                                                                                                                           0.0000 4.8744  
        matrix_mult:core/loop1-10:loop2:exs                                                                                                                                                0.0000 4.8744  
        matrix_mult:core/loop1-10:loop2:exs.itm                                                                                                                                            0.0000 4.8744  
        matrix_mult:core/mux#1                                                    mgc_mux_36_1_2_3                                                                                         0.0812 4.9557  
        matrix_mult:core/mux#1.itm                                                                                                                                                         0.0000 4.9557  
        matrix_mult:core/reg(output:rsc:mgc_out_stdreg.d)                         mgc_reg_pos_36_0_0_1_1_0_0_4                                                                             0.0000 4.9557  
                                                                                                                                                                                                          
      5                                                                           matrix_mult:core/reg(loop2:partial_out.sva)          matrix_mult:core/reg(output:rsc:mgc_out_stdreg.d)   2.1054 97.8946 
                                                                                                                                                                                                          
        Instance                                                                  Component                                                                                                Delta  Delay   
        --------                                                                  ---------                                                                                                -----  -----   
        matrix_mult:core/reg(loop2:partial_out.sva)                               mgc_reg_pos_32_0_0_1_1_0_0_4                                                                             0.2321 0.2321  
        matrix_mult:core/loop2:partial_out.sva                                                                                                                                             0.0000 0.2321  
        matrix_mult:core/loop1-10:loop3:acc#5                                     mgc_add_32_0_32_0_32_4                                                                                   1.7920 2.0241  
        matrix_mult:core/loop2:partial_out.sva#1                                                                                                                                           0.0000 2.0241  
        matrix_mult:core/loop1-10:loop2:exs                                                                                                                                                0.0000 2.0241  
        matrix_mult:core/loop1-10:loop2:exs.itm                                                                                                                                            0.0000 2.0241  
        matrix_mult:core/mux#1                                                    mgc_mux_36_1_2_3                                                                                         0.0812 2.1054  
        matrix_mult:core/mux#1.itm                                                                                                                                                         0.0000 2.1054  
        matrix_mult:core/reg(output:rsc:mgc_out_stdreg.d)                         mgc_reg_pos_36_0_0_1_1_0_0_4                                                                             0.0000 2.1054  
                                                                                                                                                                                                          
      6                                                                           matrix_mult:core/reg(loop3:k#1.reg)                  matrix_mult/input_matrix2:rsc:REGISTER_FILE.addr_rd 0.7432 99.2568 
                                                                                                                                                                                                          
        Instance                                                                  Component                                                                                                Delta  Delay   
        --------                                                                  ---------                                                                                                -----  -----   
        matrix_mult:core/reg(loop3:k#1.reg)                                       mgc_reg_pos_4_0_0_1_1_0_0_4                                                                              0.2321 0.2321  
        matrix_mult:core/loop3:k#1.reg                                                                                                                                                     0.0000 0.2321  
        matrix_mult:core/loop1-10:loop3:asn#3                                                                                                                                              0.0000 0.2321  
        matrix_mult:core/loop1-10:loop3:asn#3.itm                                                                                                                                          0.0000 0.2321  
        matrix_mult:core/loop3:acc#11                                             mgc_add_4_0_4_0_5_4                                                                                      0.0960 0.3281  
        matrix_mult:core/loop3:acc#11.sdt                                                                                                                                                  0.0000 0.3281  
        matrix_mult:core/slc(loop3:acc#11.sdt)                                                                                                                                             0.0000 0.3281  
        matrix_mult:core/slc(loop3:acc#11.sdt).itm                                                                                                                                         0.0000 0.3281  
        matrix_mult:core/conc#8                                                                                                                                                            0.0000 0.3281  
        matrix_mult:core/conc#8.itm                                                                                                                                                        0.0000 0.3281  
        matrix_mult:core/acc                                                      mgc_add_5_0_4_0_5_4                                                                                      0.1562 0.4843  
        matrix_mult:core/acc.itm                                                                                                                                                           0.0000 0.4843  
        matrix_mult:core/loop3:acc                                                mgc_add_6_0_5_1_6_4                                                                                      0.2190 0.7033  
        matrix_mult:core/loop3:acc.itm                                                                                                                                                     0.0000 0.7033  
        matrix_mult:core/loop1-10:loop3:conc#7                                                                                                                                             0.0000 0.7033  
        matrix_mult:core/loop1-10:loop3:conc#7.itm                                                                                                                                         0.0000 0.7033  
        matrix_mult:core/and#3                                                    mgc_and_8_2_4                                                                                            0.0299 0.7332  
        matrix_mult:core/input_matrix2:rsc:REGISTER_FILE.addr_rd                                                                                                                           0.0000 0.7332  
        matrix_mult/input_matrix2:rsc:REGISTER_FILE.addr_rd.reg                                                                                                                            0.0000 0.7332  
        matrix_mult/asn(input_matrix2:rsc:REGISTER_FILE.addr_rd)                                                                                                                           0.0000 0.7332  
        matrix_mult/input_matrix2:rsc:REGISTER_FILE.addr_rd                                                                                                                                0.0100 0.7432  
                                                                                                                                                                                                          
      7                                                                           matrix_mult:core/reg(loop2:j#1.reg)                  matrix_mult/input_matrix2:rsc:REGISTER_FILE.addr_rd 0.7432 99.2568 
                                                                                                                                                                                                          
        Instance                                                                  Component                                                                                                Delta  Delay   
        --------                                                                  ---------                                                                                                -----  -----   
        matrix_mult:core/reg(loop2:j#1.reg)                                       mgc_reg_pos_4_0_0_1_1_0_0_4                                                                              0.2321 0.2321  
        matrix_mult:core/loop2:j#1.reg                                                                                                                                                     0.0000 0.2321  
        matrix_mult:core/asn(loop1-10:loop3:asn#4)                                                                                                                                         0.0000 0.2321  
        matrix_mult:core/asn(loop1-10:loop3:asn#4).itm                                                                                                                                     0.0000 0.2321  
        matrix_mult:core/loop3:acc#11                                             mgc_add_4_0_4_0_5_4                                                                                      0.0960 0.3281  
        matrix_mult:core/loop3:acc#11.sdt                                                                                                                                                  0.0000 0.3281  
        matrix_mult:core/slc(loop3:acc#11.sdt)                                                                                                                                             0.0000 0.3281  
        matrix_mult:core/slc(loop3:acc#11.sdt).itm                                                                                                                                         0.0000 0.3281  
        matrix_mult:core/conc#8                                                                                                                                                            0.0000 0.3281  
        matrix_mult:core/conc#8.itm                                                                                                                                                        0.0000 0.3281  
        matrix_mult:core/acc                                                      mgc_add_5_0_4_0_5_4                                                                                      0.1562 0.4843  
        matrix_mult:core/acc.itm                                                                                                                                                           0.0000 0.4843  
        matrix_mult:core/loop3:acc                                                mgc_add_6_0_5_1_6_4                                                                                      0.2190 0.7033  
        matrix_mult:core/loop3:acc.itm                                                                                                                                                     0.0000 0.7033  
        matrix_mult:core/loop1-10:loop3:conc#7                                                                                                                                             0.0000 0.7033  
        matrix_mult:core/loop1-10:loop3:conc#7.itm                                                                                                                                         0.0000 0.7033  
        matrix_mult:core/and#3                                                    mgc_and_8_2_4                                                                                            0.0299 0.7332  
        matrix_mult:core/input_matrix2:rsc:REGISTER_FILE.addr_rd                                                                                                                           0.0000 0.7332  
        matrix_mult/input_matrix2:rsc:REGISTER_FILE.addr_rd.reg                                                                                                                            0.0000 0.7332  
        matrix_mult/asn(input_matrix2:rsc:REGISTER_FILE.addr_rd)                                                                                                                           0.0000 0.7332  
        matrix_mult/input_matrix2:rsc:REGISTER_FILE.addr_rd                                                                                                                                0.0100 0.7432  
                                                                                                                                                                                                          
      8                                                                           matrix_mult:core/reg(loop3:k#1.reg)                  matrix_mult/input_matrix2:rsc:REGISTER_FILE.addr_rd 0.6571 99.3429 
                                                                                                                                                                                                          
        Instance                                                                  Component                                                                                                Delta  Delay   
        --------                                                                  ---------                                                                                                -----  -----   
        matrix_mult:core/reg(loop3:k#1.reg)                                       mgc_reg_pos_4_0_0_1_1_0_0_4                                                                              0.2321 0.2321  
        matrix_mult:core/loop3:k#1.reg                                                                                                                                                     0.0000 0.2321  
        matrix_mult:core/loop3:k:not                                              mgc_not_4_1                                                                                              0.0100 0.2421  
        matrix_mult:core/loop3:k:not.itm                                                                                                                                                   0.0000 0.2421  
        matrix_mult:core/acc                                                      mgc_add_5_0_4_0_5_4                                                                                      0.1562 0.3983  
        matrix_mult:core/acc.itm                                                                                                                                                           0.0000 0.3983  
        matrix_mult:core/loop3:acc                                                mgc_add_6_0_5_1_6_4                                                                                      0.2190 0.6172  
        matrix_mult:core/loop3:acc.itm                                                                                                                                                     0.0000 0.6172  
        matrix_mult:core/loop1-10:loop3:conc#7                                                                                                                                             0.0000 0.6172  
        matrix_mult:core/loop1-10:loop3:conc#7.itm                                                                                                                                         0.0000 0.6172  
        matrix_mult:core/and#3                                                    mgc_and_8_2_4                                                                                            0.0299 0.6471  
        matrix_mult:core/input_matrix2:rsc:REGISTER_FILE.addr_rd                                                                                                                           0.0000 0.6471  
        matrix_mult/input_matrix2:rsc:REGISTER_FILE.addr_rd.reg                                                                                                                            0.0000 0.6471  
        matrix_mult/asn(input_matrix2:rsc:REGISTER_FILE.addr_rd)                                                                                                                           0.0000 0.6471  
        matrix_mult/input_matrix2:rsc:REGISTER_FILE.addr_rd                                                                                                                                0.0100 0.6571  
                                                                                                                                                                                                          
      9                                                                           matrix_mult:core/reg(loop3:k#1.reg)                  matrix_mult:core/reg(loop1-10:loop3:slc.itm)        0.6491 99.3509 
                                                                                                                                                                                                          
        Instance                                                                  Component                                                                                                Delta  Delay   
        --------                                                                  ---------                                                                                                -----  -----   
        matrix_mult:core/reg(loop3:k#1.reg)                                       mgc_reg_pos_4_0_0_1_1_0_0_4                                                                              0.2321 0.2321  
        matrix_mult:core/loop3:k#1.reg                                                                                                                                                     0.0000 0.2321  
        matrix_mult:core/mux#7                                                    mgc_mux_4_1_2_3                                                                                          0.0812 0.3134  
        matrix_mult:core/mux#7.itm                                                                                                                                                         0.0000 0.3134  
        matrix_mult:core/loop1-10:mgc_sample-065nm-dw_beh_dc.mgc_add(4,0,1,0,4,4) mgc_add_4_0_1_0_4_4                                                                                      0.0984 0.4117  
        matrix_mult:core/z.out#1                                                                                                                                                           0.0000 0.4117  
        matrix_mult:core/mux#6                                                    mgc_mux_4_1_2_3                                                                                          0.0812 0.4929  
        matrix_mult:core/mux#6.itm                                                                                                                                                         0.0000 0.4929  
        matrix_mult:core/loop1-10:mgc_sample-065nm-dw_beh_dc.mgc_add(5,0,4,0,5,4) mgc_add_5_0_4_0_5_4                                                                                      0.1562 0.6491  
        matrix_mult:core/z.out                                                                                                                                                             0.0000 0.6491  
        matrix_mult:core/slc(loop1-10:loop3:acc.itm.pdr)                                                                                                                                   0.0000 0.6491  
        matrix_mult:core/slc(loop1-10:loop3:acc.itm.pdr).itm                                                                                                                               0.0000 0.6491  
        matrix_mult:core/reg(loop1-10:loop3:slc.itm)                              mgc_reg_pos_1_0_0_1_1_0_0_4                                                                              0.0000 0.6491  
                                                                                                                                                                                                          
      10                                                                          matrix_mult:core/reg(loop3:k#1.reg)                  matrix_mult:core/reg(loop1-10:loop2:slc.itm)        0.6491 99.3509 
                                                                                                                                                                                                          
        Instance                                                                  Component                                                                                                Delta  Delay   
        --------                                                                  ---------                                                                                                -----  -----   
        matrix_mult:core/reg(loop3:k#1.reg)                                       mgc_reg_pos_4_0_0_1_1_0_0_4                                                                              0.2321 0.2321  
        matrix_mult:core/loop3:k#1.reg                                                                                                                                                     0.0000 0.2321  
        matrix_mult:core/mux#7                                                    mgc_mux_4_1_2_3                                                                                          0.0812 0.3134  
        matrix_mult:core/mux#7.itm                                                                                                                                                         0.0000 0.3134  
        matrix_mult:core/loop1-10:mgc_sample-065nm-dw_beh_dc.mgc_add(4,0,1,0,4,4) mgc_add_4_0_1_0_4_4                                                                                      0.0984 0.4117  
        matrix_mult:core/z.out#1                                                                                                                                                           0.0000 0.4117  
        matrix_mult:core/mux#6                                                    mgc_mux_4_1_2_3                                                                                          0.0812 0.4929  
        matrix_mult:core/mux#6.itm                                                                                                                                                         0.0000 0.4929  
        matrix_mult:core/loop1-10:mgc_sample-065nm-dw_beh_dc.mgc_add(5,0,4,0,5,4) mgc_add_5_0_4_0_5_4                                                                                      0.1562 0.6491  
        matrix_mult:core/z.out                                                                                                                                                             0.0000 0.6491  
        matrix_mult:core/loop1-10:loop2:slc                                                                                                                                                0.0000 0.6491  
        matrix_mult:core/loop1-10:loop2:slc.itm#1                                                                                                                                          0.0000 0.6491  
        matrix_mult:core/reg(loop1-10:loop2:slc.itm)                              mgc_reg_pos_1_0_0_1_1_0_0_4                                                                              0.0000 0.6491  
                                                                                                                                                                                                          
      
    Register Input and Register-to-Output Slack
      Clock period or pin-to-reg delay constraint (clk): 100.0
      Clock uncertainty constraint (clk)               : 0.0
      
      Instance                                          Port                                       Slack (Delay) Messages 
      ------------------------------------------------- --------------------------------------- -------- ------- --------
      matrix_mult:core/reg(loop2:j#1.reg)               and.itm                                  99.4772  0.5228          
      matrix_mult:core/reg(addr:rsc:mgc_out_stdreg.d)   mux.itm                                  99.4160  0.5840          
      matrix_mult:core/reg(loop2:partial_out.sva)       and#5.itm                                95.0144  4.9856          
      matrix_mult:core/reg(output:rsc:mgc_out_stdreg.d) mux#1.itm                                95.0443  4.9557          
      matrix_mult:core/reg(loop3:k#1.reg)               and#6.itm                                99.4772  0.5228          
      matrix_mult:core/reg(loop1-10:loop3:slc.itm)      slc(loop1-10:loop3:acc.itm.pdr).itm      99.3509  0.6491          
      matrix_mult:core/reg(loop1-10:loop2:slc.itm)      loop1-10:loop2:slc.itm#1                 99.3509  0.6491          
      matrix_mult                                       output:rsc.z                             99.7679  0.2321          
      matrix_mult                                       output_valid:rsc.z                      100.0000  0.0000          
      matrix_mult                                       addr:rsc.z                               99.7679  0.2321          
      matrix_mult                                       input_matrix1:rsc:REGISTER_FILE.data_in  99.9800  0.0200          
      matrix_mult                                       input_matrix1:rsc:REGISTER_FILE.addr_rd  99.7180  0.2820          
      matrix_mult                                       input_matrix1:rsc:REGISTER_FILE.addr_wr  99.9800  0.0200          
      matrix_mult                                       input_matrix1:rsc:REGISTER_FILE.re       99.9700  0.0300          
      matrix_mult                                       input_matrix1:rsc:REGISTER_FILE.we       99.9800  0.0200          
      matrix_mult                                       input_matrix2:rsc:REGISTER_FILE.data_in  99.9800  0.0200          
      matrix_mult                                       input_matrix2:rsc:REGISTER_FILE.addr_rd  99.2468  0.7532          
      matrix_mult                                       input_matrix2:rsc:REGISTER_FILE.addr_wr  99.9800  0.0200          
      matrix_mult                                       input_matrix2:rsc:REGISTER_FILE.re       99.9700  0.0300          
      matrix_mult                                       input_matrix2:rsc:REGISTER_FILE.we       99.9800  0.0200          
      
  Operator Bitwidth Summary
    Operation  Size (bits) Count 
    ---------- ----------- -----
    add                          
    -                   32     1 
    -                    8     1 
    -                    6     1 
    -                    5     3 
    -                    4     1 
    -                    3     1 
    and                          
    -                    2     5 
    mul                          
    -                   32     1 
    mux                          
    -                    1     7 
    nor                          
    -                    3     1 
    not                          
    -                    4     1 
    -                    1     9 
    or                           
    -                    3     1 
    -                    2     3 
    reg                          
    -                   36     1 
    -                   32     1 
    -                    8     1 
    -                    4     2 
    -                    1     2 
    write_port                   
    -                   36     1 
    -                    8     1 
    -                    1     1 
    
  End of Report
